Log file open, 01/07/22 16:48:48
LogWindows: Failed to load 'aqProf.dll' (GetLastError=126)
LogWindows: File 'aqProf.dll' does not exist
LogWindows: Failed to load 'VtuneApi.dll' (GetLastError=126)
LogWindows: File 'VtuneApi.dll' does not exist
LogWindows: Failed to load 'VtuneApi32e.dll' (GetLastError=126)
LogWindows: File 'VtuneApi32e.dll' does not exist
LogConsoleResponse: Display: Failed to find resolution value strings in scalability ini. Falling back to default.
LogConsoleResponse: Display: Failed to find resolution value strings in scalability ini. Falling back to default.
LogInit: Display: Running engine for game: VaccineAssets_01
LogPlatformFile: Not using cached read wrapper
LogTaskGraph: Started task graph with 5 named threads and 83 total threads with 3 sets of task threads.
LogStats: Stats thread started at 0.186898
LogICUInternationalization: ICU TimeZone Detection - Raw Offset: +1:00, Platform Override: ''
LogInit: Display: Loading text-based GConfig....
LogPluginManager: Mounting plugin MeshPainting
LogPluginManager: Mounting plugin XGEController
LogPluginManager: Mounting plugin Paper2D
LogPluginManager: Mounting plugin LiveLink
LogPluginManager: Mounting plugin AISupport
LogPluginManager: Mounting plugin EnvironmentQueryEditor
LogPluginManager: Mounting plugin GameplayCameras
LogPluginManager: Mounting plugin LightPropagationVolume
LogPluginManager: Mounting plugin CameraShakePreviewer
LogPluginManager: Mounting plugin AnimationSharing
LogPluginManager: Mounting plugin CodeLiteSourceCodeAccess
LogPluginManager: Mounting plugin CLionSourceCodeAccess
LogPluginManager: Mounting plugin KDevelopSourceCodeAccess
LogPluginManager: Mounting plugin NullSourceCodeAccess
LogPluginManager: Mounting plugin PerforceSourceControl
LogPluginManager: Mounting plugin GitSourceControl
LogPluginManager: Mounting plugin PluginUtils
LogPluginManager: Mounting plugin PixWinPlugin
LogPluginManager: Mounting plugin PlasticSourceControl
LogPluginManager: Mounting plugin SubversionSourceControl
LogPluginManager: Mounting plugin TextureFormatOodle
LogPluginManager: Mounting plugin RiderSourceCodeAccess
LogPluginManager: Mounting plugin PropertyAccessNode
LogPluginManager: Mounting plugin UObjectPlugin
LogPluginManager: Mounting plugin VisualStudioCodeSourceCodeAccess
LogPluginManager: Mounting plugin XCodeSourceCodeAccess
LogPluginManager: Mounting plugin VisualStudioSourceCodeAccess
LogPluginManager: Mounting plugin OodleNetwork
LogPluginManager: Mounting plugin AssetManagerEditor
LogPluginManager: Mounting plugin OodleData
LogPluginManager: Mounting plugin CurveEditorTools
LogPluginManager: Mounting plugin CryptoKeys
LogPluginManager: Mounting plugin FacialAnimation
LogPluginManager: Mounting plugin DataValidation
LogPluginManager: Mounting plugin GeometryMode
LogPluginManager: Mounting plugin MaterialAnalyzer
LogPluginManager: Mounting plugin SpeedTreeImporter
LogPluginManager: Mounting plugin MobileLauncherProfileWizard
LogPluginManager: Mounting plugin PluginBrowser
LogPluginManager: Mounting plugin AlembicImporter
LogPluginManager: Mounting plugin MacGraphicsSwitching
LogPluginManager: Mounting plugin AutomationUtils
LogPluginManager: Mounting plugin GameplayTagsEditor
LogPluginManager: Mounting plugin BackChannel
LogPluginManager: Mounting plugin VariantManagerContent
LogPluginManager: Mounting plugin ChaosCloth
LogPluginManager: Mounting plugin ChaosEditor
LogPluginManager: Mounting plugin Niagara
LogPluginManager: Mounting plugin DatasmithContent
LogPluginManager: Mounting plugin ChaosClothEditor
LogPluginManager: Mounting plugin ChaosNiagara
LogPluginManager: Mounting plugin ChaosSolverPlugin
LogPluginManager: Mounting plugin CharacterAI
LogPluginManager: Mounting plugin GeometryCache
LogPluginManager: Mounting plugin GeometryCollectionPlugin
LogPluginManager: Mounting plugin GeometryProcessing
LogPluginManager: Mounting plugin MotoSynth
LogPluginManager: Mounting plugin LuminPlatformFeatures
LogPluginManager: Mounting plugin MagicLeap
LogPluginManager: Mounting plugin OpenImageDenoise
LogPluginManager: Mounting plugin MagicLeapLightEstimation
LogPluginManager: Mounting plugin MagicLeapMedia
LogPluginManager: Mounting plugin PlanarCut
LogPluginManager: Mounting plugin PlatformCrypto
LogPluginManager: Mounting plugin ProxyLODPlugin
LogPluginManager: Mounting plugin PythonScriptPlugin
LogPluginManager: Mounting plugin SkeletalReduction
LogPluginManager: Mounting plugin MagicLeapPassableWorld
LogPluginManager: Mounting plugin MLSDK
LogPluginManager: Mounting plugin ArcadeVehicleSystem
LogPluginManager: Mounting plugin AndroidMedia
LogPluginManager: Mounting plugin AvfMedia
LogPluginManager: Mounting plugin ImgMedia
LogPluginManager: Mounting plugin MediaCompositing
LogPluginManager: Mounting plugin MediaPlayerEditor
LogPluginManager: Mounting plugin WebMMedia
LogPluginManager: Mounting plugin WmfMedia
LogPluginManager: Mounting plugin TcpMessaging
LogPluginManager: Mounting plugin UdpMessaging
LogPluginManager: Mounting plugin ActorSequence
LogPluginManager: Mounting plugin OnlineSubsystem
LogPluginManager: Mounting plugin LevelSequenceEditor
LogPluginManager: Mounting plugin MatineeToLevelSequence
LogPluginManager: Mounting plugin OnlineSubsystemNull
LogPluginManager: Mounting plugin OnlineSubsystemUtils
LogPluginManager: Mounting plugin TemplateSequence
LogPluginManager: Mounting plugin LauncherChunkInstaller
LogPluginManager: Mounting plugin ActorLayerUtilities
LogPluginManager: Mounting plugin AndroidDeviceProfileSelector
LogPluginManager: Mounting plugin AndroidMoviePlayer
LogPluginManager: Mounting plugin AndroidPermission
LogPluginManager: Mounting plugin ApexDestruction
LogPluginManager: Mounting plugin AppleImageUtils
LogPluginManager: Mounting plugin AppleMoviePlayer
LogPluginManager: Mounting plugin ArchVisCharacter
LogPluginManager: Mounting plugin AssetTags
LogPluginManager: Mounting plugin AudioCapture
LogPluginManager: Mounting plugin CableComponent
LogPluginManager: Mounting plugin AudioSynesthesia
LogPluginManager: Mounting plugin CustomMeshComponent
LogPluginManager: Mounting plugin EditableMesh
LogPluginManager: Mounting plugin ChunkDownloader
LogPluginManager: Mounting plugin ExampleDeviceProfileSelector
LogPluginManager: Mounting plugin GoogleCloudMessaging
LogPluginManager: Mounting plugin GooglePAD
LogPluginManager: Mounting plugin ScreenshotTools
LogPluginManager: Mounting plugin IOSDeviceProfileSelector
LogPluginManager: Mounting plugin LinuxDeviceProfileSelector
LogPluginManager: Mounting plugin LocationServicesBPLibrary
LogPluginManager: Mounting plugin MobilePatchingUtils
LogPluginManager: Mounting plugin OpenXR
LogPluginManager: Mounting plugin OpenXREyeTracker
LogPluginManager: Mounting plugin OpenXRHandTracking
LogPluginManager: Mounting plugin PostSplashScreen
LogPluginManager: Mounting plugin ProceduralMeshComponent
LogPluginManager: Mounting plugin PhysXVehicles
LogPluginManager: Mounting plugin PropertyAccessEditor
LogPluginManager: Mounting plugin RuntimePhysXCooking
LogPluginManager: Mounting plugin SignificanceManager
LogPluginManager: Mounting plugin SoundFields
LogPluginManager: Mounting plugin Synthesis
LogPluginManager: Mounting plugin WindowsMoviePlayer
LogPluginManager: Mounting plugin WebMMoviePlayer
LogPluginManager: Mounting plugin Takes
LogPluginManager: Mounting plugin ContentBrowserAssetDataSource
LogPluginManager: Mounting plugin ContentBrowserClassDataSource
LogPluginManager: Mounting plugin ContentBrowserFileDataSource
LogPluginManager: Mounting plugin OnlineSubsystemGooglePlay
LogPluginManager: Mounting plugin OnlineSubsystemIOS
LogPluginManager: Mounting plugin OculusVR
LogPluginManager: Mounting plugin SteamVR
PixWinPlugin: PIX capture plugin failed to initialize! Check that the process is launched from PIX.
LogInit: Using libcurl 7.55.1-DEV
LogInit:  - built for x86_64-pc-win32
LogInit:  - supports SSL with OpenSSL/1.1.1
LogInit:  - supports HTTP deflate (compression) using libz 1.2.8
LogInit:  - other features:
LogInit:      CURL_VERSION_SSL
LogInit:      CURL_VERSION_LIBZ
LogInit:      CURL_VERSION_IPV6
LogInit:      CURL_VERSION_ASYNCHDNS
LogInit:      CURL_VERSION_LARGEFILE
LogInit:      CURL_VERSION_IDN
LogInit:  CurlRequestOptions (configurable via config and command line):
LogInit:  - bVerifyPeer = true  - Libcurl will verify peer certificate
LogInit:  - bUseHttpProxy = false  - Libcurl will NOT use HTTP proxy
LogInit:  - bDontReuseConnections = false  - Libcurl will reuse connections
LogInit:  - MaxHostConnections = 16  - Libcurl will limit the number of connections to a host
LogInit:  - LocalHostAddr = Default
LogInit:  - BufferSize = 65536
LogOnline: OSS: Creating online subsystem instance for: NULL
LogInit: WinSock: version 1.1 (2.2), MaxSocks=32767, MaxUdp=65467
LogOnline: OSS: TryLoadSubsystemAndSetDefault: Loaded subsystem for module [NULL]
LogOculusPluginWrapper: OculusPlugin initialized successfully
LogHMD: Failed initializing OVRPlugin 1.59.0
LogInit: Build: ++UE4+Release-4.27-CL-18319896
LogInit: Engine Version: 4.27.2-18319896+++UE4+Release-4.27
LogInit: Compatible Engine Version: 4.27.0-17155196+++UE4+Release-4.27
LogInit: Net CL: 17155196
LogInit: OS: Windows 10 (Release 2004) (), CPU: AMD Ryzen 9 5950X 16-Core Processor            , GPU: NVIDIA GeForce RTX 3090
LogInit: Compiled (64-bit): Nov 30 2021 07:12:08
LogInit: Compiled with Visual C++: 19.24.28315.00
LogInit: Build Configuration: Development
LogInit: Branch Name: ++UE4+Release-4.27
LogInit: Command Line: 
LogInit: Base Directory: C:/Program Files/Epic Games/UE_4.27/Engine/Binaries/Win64/
LogInit: Allocator: TBB
LogInit: Installed Engine Build: 1
LogDevObjectVersion: Number of dev versions registered: 29
LogDevObjectVersion:   Dev-Blueprints (B0D832E4-1F89-4F0D-ACCF-7EB736FD4AA2): 10
LogDevObjectVersion:   Dev-Build (E1C64328-A22C-4D53-A36C-8E866417BD8C): 0
LogDevObjectVersion:   Dev-Core (375EC13C-06E4-48FB-B500-84F0262A717E): 4
LogDevObjectVersion:   Dev-Editor (E4B068ED-F494-42E9-A231-DA0B2E46BB41): 40
LogDevObjectVersion:   Dev-Framework (CFFC743F-43B0-4480-9391-14DF171D2073): 37
LogDevObjectVersion:   Dev-Mobile (B02B49B5-BB20-44E9-A304-32B752E40360): 3
LogDevObjectVersion:   Dev-Networking (A4E4105C-59A1-49B5-A7C5-40C4547EDFEE): 0
LogDevObjectVersion:   Dev-Online (39C831C9-5AE6-47DC-9A44-9C173E1C8E7C): 0
LogDevObjectVersion:   Dev-Physics (78F01B33-EBEA-4F98-B9B4-84EACCB95AA2): 14
LogDevObjectVersion:   Dev-Platform (6631380F-2D4D-43E0-8009-CF276956A95A): 0
LogDevObjectVersion:   Dev-Rendering (12F88B9F-8875-4AFC-A67C-D90C383ABD29): 45
LogDevObjectVersion:   Dev-Sequencer (7B5AE74C-D270-4C10-A958-57980B212A5A): 13
LogDevObjectVersion:   Dev-VR (D7296918-1DD6-4BDD-9DE2-64A83CC13884): 3
LogDevObjectVersion:   Dev-LoadTimes (C2A15278-BFE7-4AFE-6C17-90FF531DF755): 1
LogDevObjectVersion:   Private-Geometry (6EACA3D4-40EC-4CC1-B786-8BED09428FC5): 3
LogDevObjectVersion:   Dev-AnimPhys (29E575DD-E0A3-4627-9D10-D276232CDCEA): 17
LogDevObjectVersion:   Dev-Anim (AF43A65D-7FD3-4947-9873-3E8ED9C1BB05): 15
LogDevObjectVersion:   Dev-ReflectionCapture (6B266CEC-1EC7-4B8F-A30B-E4D90942FC07): 1
LogDevObjectVersion:   Dev-Automation (0DF73D61-A23F-47EA-B727-89E90C41499A): 1
LogDevObjectVersion:   FortniteMain (601D1886-AC64-4F84-AA16-D3DE0DEAC7D6): 47
LogDevObjectVersion:   FortniteRelease (E7086368-6B23-4C58-8439-1B7016265E91): 1
LogDevObjectVersion:   Dev-Enterprise (9DFFBCD6-494F-0158-E221-12823C92A888): 10
LogDevObjectVersion:   Dev-Niagara (F2AED0AC-9AFE-416F-8664-AA7FFA26D6FC): 1
LogDevObjectVersion:   Dev-Destruction (174F1F0B-B4C6-45A5-B13F-2EE8D0FB917D): 10
LogDevObjectVersion:   Dev-Physics-Ext (35F94A83-E258-406C-A318-09F59610247C): 41
LogDevObjectVersion:   Dev-PhysicsMaterial-Chaos (B68FC16E-8B1B-42E2-B453-215C058844FE): 1
LogDevObjectVersion:   Dev-CineCamera (B2E18506-4273-CFC2-A54E-F4BB758BBA07): 1
LogDevObjectVersion:   Dev-VirtualProduction (64F58936-FD1B-42BA-BA96-7289D5D0FA4E): 1
LogDevObjectVersion:   Dev-MediaFramework (6F0ED827-A609-4895-9C91-998D90180EA4): 2
LogInit: Presizing for max 25165824 objects, including 0 objects not considered by GC, pre-allocating 0 bytes for permanent pool.
LogConfig: Applying CVar settings from Section [/Script/Engine.StreamingSettings] File [D:/VACCINEMAN/VaccineMan/VaccineAssets_01/Saved/Config/Windows/Engine.ini]
LogConfig: Setting CVar [[s.MinBulkDataSizeForAsyncLoading:131072]]
LogConfig: Setting CVar [[s.AsyncLoadingThreadEnabled:0]]
LogConfig: Setting CVar [[s.EventDrivenLoaderEnabled:1]]
LogConfig: Setting CVar [[s.WarnIfTimeLimitExceeded:0]]
LogConfig: Setting CVar [[s.TimeLimitExceededMultiplier:1.5]]
LogConfig: Setting CVar [[s.TimeLimitExceededMinTime:0.005]]
LogConfig: Setting CVar [[s.UseBackgroundLevelStreaming:1]]
LogConfig: Setting CVar [[s.PriorityAsyncLoadingExtraTime:15.0]]
LogConfig: Setting CVar [[s.LevelStreamingActorsUpdateTimeLimit:5.0]]
LogConfig: Setting CVar [[s.PriorityLevelStreamingActorsUpdateExtraTime:5.0]]
LogConfig: Setting CVar [[s.LevelStreamingComponentsRegistrationGranularity:10]]
LogConfig: Setting CVar [[s.UnregisterComponentsTimeLimit:1.0]]
LogConfig: Setting CVar [[s.LevelStreamingComponentsUnregistrationGranularity:5]]
LogConfig: Setting CVar [[s.FlushStreamingOnExit:1]]
LogInit: Object subsystem initialized
LogConfig: Setting CVar [[con.DebugEarlyDefault:1]]
LogConfig: Setting CVar [[r.setres:1280x720]]
[2022.01.07-15.48.48:683][  0]LogConfig: Setting CVar [[r.VSync:0]]
[2022.01.07-15.48.48:683][  0]LogConfig: Setting CVar [[r.RHICmdBypass:0]]
[2022.01.07-15.48.48:683][  0]LogConfig: Applying CVar settings from Section [/Script/Engine.RendererSettings] File [D:/VACCINEMAN/VaccineMan/VaccineAssets_01/Saved/Config/Windows/Engine.ini]
[2022.01.07-15.48.48:683][  0]LogConfig: Setting CVar [[r.GPUCrashDebugging:0]]
[2022.01.07-15.48.48:683][  0]LogConfig: Setting CVar [[r.GenerateMeshDistanceFields:1]]
[2022.01.07-15.48.48:683][  0]LogConfig: Applying CVar settings from Section [/Script/Engine.RendererOverrideSettings] File [D:/VACCINEMAN/VaccineMan/VaccineAssets_01/Saved/Config/Windows/Engine.ini]
[2022.01.07-15.48.48:683][  0]LogConfig: Applying CVar settings from Section [/Script/Engine.StreamingSettings] File [D:/VACCINEMAN/VaccineMan/VaccineAssets_01/Saved/Config/Windows/Engine.ini]
[2022.01.07-15.48.48:683][  0]LogConfig: Setting CVar [[s.MinBulkDataSizeForAsyncLoading:131072]]
[2022.01.07-15.48.48:683][  0]LogConfig: Setting CVar [[s.AsyncLoadingThreadEnabled:0]]
[2022.01.07-15.48.48:683][  0]LogConfig: Setting CVar [[s.EventDrivenLoaderEnabled:1]]
[2022.01.07-15.48.48:683][  0]LogConfig: Setting CVar [[s.WarnIfTimeLimitExceeded:0]]
[2022.01.07-15.48.48:683][  0]LogConfig: Setting CVar [[s.TimeLimitExceededMultiplier:1.5]]
[2022.01.07-15.48.48:683][  0]LogConfig: Setting CVar [[s.TimeLimitExceededMinTime:0.005]]
[2022.01.07-15.48.48:683][  0]LogConfig: Setting CVar [[s.UseBackgroundLevelStreaming:1]]
[2022.01.07-15.48.48:683][  0]LogConfig: Setting CVar [[s.PriorityAsyncLoadingExtraTime:15.0]]
[2022.01.07-15.48.48:683][  0]LogConfig: Setting CVar [[s.LevelStreamingActorsUpdateTimeLimit:5.0]]
[2022.01.07-15.48.48:683][  0]LogConfig: Setting CVar [[s.PriorityLevelStreamingActorsUpdateExtraTime:5.0]]
[2022.01.07-15.48.48:683][  0]LogConfig: Setting CVar [[s.LevelStreamingComponentsRegistrationGranularity:10]]
[2022.01.07-15.48.48:683][  0]LogConfig: Setting CVar [[s.UnregisterComponentsTimeLimit:1.0]]
[2022.01.07-15.48.48:683][  0]LogConfig: Setting CVar [[s.LevelStreamingComponentsUnregistrationGranularity:5]]
[2022.01.07-15.48.48:683][  0]LogConfig: Setting CVar [[s.FlushStreamingOnExit:1]]
[2022.01.07-15.48.48:683][  0]LogConfig: Applying CVar settings from Section [/Script/Engine.GarbageCollectionSettings] File [D:/VACCINEMAN/VaccineMan/VaccineAssets_01/Saved/Config/Windows/Engine.ini]
[2022.01.07-15.48.48:683][  0]LogConfig: Setting CVar [[gc.MaxObjectsNotConsideredByGC:1]]
[2022.01.07-15.48.48:683][  0]LogConfig: Setting CVar [[gc.SizeOfPermanentObjectPool:0]]
[2022.01.07-15.48.48:683][  0]LogConfig: Setting CVar [[gc.FlushStreamingOnGC:0]]
[2022.01.07-15.48.48:683][  0]LogConfig: Setting CVar [[gc.NumRetriesBeforeForcingGC:10]]
[2022.01.07-15.48.48:683][  0]LogConfig: Setting CVar [[gc.AllowParallelGC:1]]
[2022.01.07-15.48.48:683][  0]LogConfig: Setting CVar [[gc.TimeBetweenPurgingPendingKillObjects:61.1]]
[2022.01.07-15.48.48:683][  0]LogConfig: Setting CVar [[gc.MaxObjectsInEditor:25165824]]
[2022.01.07-15.48.48:683][  0]LogConfig: Setting CVar [[gc.IncrementalBeginDestroyEnabled:1]]
[2022.01.07-15.48.48:683][  0]LogConfig: Setting CVar [[gc.CreateGCClusters:1]]
[2022.01.07-15.48.48:683][  0]LogConfig: Setting CVar [[gc.MinGCClusterSize:5]]
[2022.01.07-15.48.48:683][  0]LogConfig: Setting CVar [[gc.ActorClusteringEnabled:0]]
[2022.01.07-15.48.48:683][  0]LogConfig: Setting CVar [[gc.BlueprintClusteringEnabled:0]]
[2022.01.07-15.48.48:683][  0]LogConfig: Setting CVar [[gc.UseDisregardForGCOnDedicatedServers:0]]
[2022.01.07-15.48.48:683][  0]LogConfig: Setting CVar [[gc.MultithreadedDestructionEnabled:1]]
[2022.01.07-15.48.48:683][  0]LogConfig: Applying CVar settings from Section [/Script/Engine.NetworkSettings] File [D:/VACCINEMAN/VaccineMan/VaccineAssets_01/Saved/Config/Windows/Engine.ini]
[2022.01.07-15.48.48:684][  0]LogConfig: Applying CVar settings from Section [/Script/UnrealEd.CookerSettings] File [D:/VACCINEMAN/VaccineMan/VaccineAssets_01/Saved/Config/Windows/Engine.ini]
[2022.01.07-15.48.48:723][  0]LogConfig: Applying CVar settings from Section [ViewDistanceQuality@3] File [D:/VACCINEMAN/VaccineMan/VaccineAssets_01/Saved/Config/Windows/Scalability.ini]
[2022.01.07-15.48.48:723][  0]LogConfig: Setting CVar [[r.SkeletalMeshLODBias:0]]
[2022.01.07-15.48.48:723][  0]LogConfig: Setting CVar [[r.ViewDistanceScale:1.0]]
[2022.01.07-15.48.48:723][  0]LogConfig: Applying CVar settings from Section [AntiAliasingQuality@3] File [D:/VACCINEMAN/VaccineMan/VaccineAssets_01/Saved/Config/Windows/Scalability.ini]
[2022.01.07-15.48.48:723][  0]LogConfig: Setting CVar [[r.PostProcessAAQuality:4]]
[2022.01.07-15.48.48:723][  0]LogConfig: Applying CVar settings from Section [ShadowQuality@3] File [D:/VACCINEMAN/VaccineMan/VaccineAssets_01/Saved/Config/Windows/Scalability.ini]
[2022.01.07-15.48.48:723][  0]LogConfig: Setting CVar [[r.LightFunctionQuality:1]]
[2022.01.07-15.48.48:723][  0]LogConfig: Setting CVar [[r.ShadowQuality:5]]
[2022.01.07-15.48.48:723][  0]LogConfig: Setting CVar [[r.Shadow.CSM.MaxCascades:10]]
[2022.01.07-15.48.48:723][  0]LogConfig: Setting CVar [[r.Shadow.MaxResolution:2048]]
[2022.01.07-15.48.48:723][  0]LogConfig: Setting CVar [[r.Shadow.MaxCSMResolution:2048]]
[2022.01.07-15.48.48:723][  0]LogConfig: Setting CVar [[r.Shadow.RadiusThreshold:0.01]]
[2022.01.07-15.48.48:723][  0]LogConfig: Setting CVar [[r.Shadow.DistanceScale:1.0]]
[2022.01.07-15.48.48:723][  0]LogConfig: Setting CVar [[r.Shadow.CSM.TransitionScale:1.0]]
[2022.01.07-15.48.48:723][  0]LogConfig: Setting CVar [[r.Shadow.PreShadowResolutionFactor:1.0]]
[2022.01.07-15.48.48:723][  0]LogConfig: Setting CVar [[r.DistanceFieldShadowing:1]]
[2022.01.07-15.48.48:723][  0]LogConfig: Setting CVar [[r.DistanceFieldAO:1]]
[2022.01.07-15.48.48:723][  0]LogConfig: Setting CVar [[r.AOQuality:2]]
[2022.01.07-15.48.48:723][  0]LogConfig: Setting CVar [[r.VolumetricFog:1]]
[2022.01.07-15.48.48:723][  0]LogConfig: Setting CVar [[r.VolumetricFog.GridPixelSize:8]]
[2022.01.07-15.48.48:723][  0]LogConfig: Setting CVar [[r.VolumetricFog.GridSizeZ:128]]
[2022.01.07-15.48.48:723][  0]LogConfig: Setting CVar [[r.VolumetricFog.HistoryMissSupersampleCount:4]]
[2022.01.07-15.48.48:723][  0]LogConfig: Setting CVar [[r.LightMaxDrawDistanceScale:1]]
[2022.01.07-15.48.48:723][  0]LogConfig: Setting CVar [[r.CapsuleShadows:1]]
[2022.01.07-15.48.48:723][  0]LogConfig: Applying CVar settings from Section [PostProcessQuality@3] File [D:/VACCINEMAN/VaccineMan/VaccineAssets_01/Saved/Config/Windows/Scalability.ini]
[2022.01.07-15.48.48:723][  0]LogConfig: Setting CVar [[r.MotionBlurQuality:4]]
[2022.01.07-15.48.48:723][  0]LogConfig: Setting CVar [[r.AmbientOcclusionMipLevelFactor:0.4]]
[2022.01.07-15.48.48:723][  0]LogConfig: Setting CVar [[r.AmbientOcclusionMaxQuality:100]]
[2022.01.07-15.48.48:723][  0]LogConfig: Setting CVar [[r.AmbientOcclusionLevels:-1]]
[2022.01.07-15.48.48:723][  0]LogConfig: Setting CVar [[r.AmbientOcclusionRadiusScale:1.0]]
[2022.01.07-15.48.48:723][  0]LogConfig: Setting CVar [[r.DepthOfFieldQuality:2]]
[2022.01.07-15.48.48:723][  0]LogConfig: Setting CVar [[r.RenderTargetPoolMin:400]]
[2022.01.07-15.48.48:723][  0]LogConfig: Setting CVar [[r.LensFlareQuality:2]]
[2022.01.07-15.48.48:723][  0]LogConfig: Setting CVar [[r.SceneColorFringeQuality:1]]
[2022.01.07-15.48.48:723][  0]LogConfig: Setting CVar [[r.EyeAdaptationQuality:2]]
[2022.01.07-15.48.48:723][  0]LogConfig: Setting CVar [[r.BloomQuality:5]]
[2022.01.07-15.48.48:723][  0]LogConfig: Setting CVar [[r.FastBlurThreshold:100]]
[2022.01.07-15.48.48:723][  0]LogConfig: Setting CVar [[r.Upscale.Quality:3]]
[2022.01.07-15.48.48:723][  0]LogConfig: Setting CVar [[r.Tonemapper.GrainQuantization:1]]
[2022.01.07-15.48.48:723][  0]LogConfig: Setting CVar [[r.LightShaftQuality:1]]
[2022.01.07-15.48.48:723][  0]LogConfig: Setting CVar [[r.Filter.SizeScale:1]]
[2022.01.07-15.48.48:723][  0]LogConfig: Setting CVar [[r.Tonemapper.Quality:5]]
[2022.01.07-15.48.48:724][  0]LogConfig: Setting CVar [[r.DOF.Gather.AccumulatorQuality:1        ; higher gathering accumulator quality]]
[2022.01.07-15.48.48:724][  0]LogConfig: Setting CVar [[r.DOF.Gather.PostfilterMethod:1          ; Median3x3 postfilering method]]
[2022.01.07-15.48.48:724][  0]LogConfig: Setting CVar [[r.DOF.Gather.EnableBokehSettings:0       ; no bokeh simulation when gathering]]
[2022.01.07-15.48.48:724][  0]LogConfig: Setting CVar [[r.DOF.Gather.RingCount:4                 ; medium number of samples when gathering]]
[2022.01.07-15.48.48:724][  0]LogConfig: Setting CVar [[r.DOF.Scatter.ForegroundCompositing:1    ; additive foreground scattering]]
[2022.01.07-15.48.48:724][  0]LogConfig: Setting CVar [[r.DOF.Scatter.BackgroundCompositing:2    ; additive background scattering]]
[2022.01.07-15.48.48:724][  0]LogConfig: Setting CVar [[r.DOF.Scatter.EnableBokehSettings:1      ; bokeh simulation when scattering]]
[2022.01.07-15.48.48:724][  0]LogConfig: Setting CVar [[r.DOF.Scatter.MaxSpriteRatio:0.1         ; only a maximum of 10% of scattered bokeh]]
[2022.01.07-15.48.48:724][  0]LogConfig: Setting CVar [[r.DOF.Recombine.Quality:1                ; cheap slight out of focus]]
[2022.01.07-15.48.48:724][  0]LogConfig: Setting CVar [[r.DOF.Recombine.EnableBokehSettings:0    ; no bokeh simulation on slight out of focus]]
[2022.01.07-15.48.48:724][  0]LogConfig: Setting CVar [[r.DOF.TemporalAAQuality:1                ; more stable temporal accumulation]]
[2022.01.07-15.48.48:724][  0]LogConfig: Setting CVar [[r.DOF.Kernel.MaxForegroundRadius:0.025]]
[2022.01.07-15.48.48:724][  0]LogConfig: Setting CVar [[r.DOF.Kernel.MaxBackgroundRadius:0.025]]
[2022.01.07-15.48.48:724][  0]LogConfig: Applying CVar settings from Section [TextureQuality@3] File [D:/VACCINEMAN/VaccineMan/VaccineAssets_01/Saved/Config/Windows/Scalability.ini]
[2022.01.07-15.48.48:724][  0]LogConfig: Setting CVar [[r.Streaming.MipBias:0]]
[2022.01.07-15.48.48:724][  0]LogConfig: Setting CVar [[r.Streaming.AmortizeCPUToGPUCopy:0]]
[2022.01.07-15.48.48:724][  0]LogConfig: Setting CVar [[r.Streaming.MaxNumTexturesToStreamPerFrame:0]]
[2022.01.07-15.48.48:724][  0]LogConfig: Setting CVar [[r.Streaming.Boost:1]]
[2022.01.07-15.48.48:724][  0]LogConfig: Setting CVar [[r.MaxAnisotropy:8]]
[2022.01.07-15.48.48:724][  0]LogConfig: Setting CVar [[r.VT.MaxAnisotropy:8]]
[2022.01.07-15.48.48:724][  0]LogConfig: Setting CVar [[r.Streaming.LimitPoolSizeToVRAM:0]]
[2022.01.07-15.48.48:724][  0]LogConfig: Setting CVar [[r.Streaming.PoolSize:1000]]
[2022.01.07-15.48.48:724][  0]LogConfig: Setting CVar [[r.Streaming.MaxEffectiveScreenSize:0]]
[2022.01.07-15.48.48:724][  0]LogConfig: Applying CVar settings from Section [EffectsQuality@3] File [D:/VACCINEMAN/VaccineMan/VaccineAssets_01/Saved/Config/Windows/Scalability.ini]
[2022.01.07-15.48.48:724][  0]LogConfig: Setting CVar [[r.TranslucencyLightingVolumeDim:64]]
[2022.01.07-15.48.48:724][  0]LogConfig: Setting CVar [[r.RefractionQuality:2]]
[2022.01.07-15.48.48:724][  0]LogConfig: Setting CVar [[r.SSR.Quality:3]]
[2022.01.07-15.48.48:724][  0]LogConfig: Setting CVar [[r.SSR.HalfResSceneColor:0]]
[2022.01.07-15.48.48:724][  0]LogConfig: Setting CVar [[r.SceneColorFormat:4]]
[2022.01.07-15.48.48:724][  0]LogConfig: Setting CVar [[r.DetailMode:2]]
[2022.01.07-15.48.48:724][  0]LogConfig: Setting CVar [[r.TranslucencyVolumeBlur:1]]
[2022.01.07-15.48.48:724][  0]LogConfig: Setting CVar [[r.MaterialQualityLevel:1 ; High quality]]
[2022.01.07-15.48.48:724][  0]LogConfig: Setting CVar [[r.AnisotropicMaterials:1]]
[2022.01.07-15.48.48:724][  0]LogConfig: Setting CVar [[r.SSS.Scale:1]]
[2022.01.07-15.48.48:724][  0]LogConfig: Setting CVar [[r.SSS.SampleSet:2]]
[2022.01.07-15.48.48:724][  0]LogConfig: Setting CVar [[r.SSS.Quality:1]]
[2022.01.07-15.48.48:724][  0]LogConfig: Setting CVar [[r.SSS.HalfRes:0]]
[2022.01.07-15.48.48:724][  0]LogConfig: Setting CVar [[r.SSGI.Quality:3]]
[2022.01.07-15.48.48:724][  0]LogConfig: Setting CVar [[r.EmitterSpawnRateScale:1.0]]
[2022.01.07-15.48.48:724][  0]LogConfig: Setting CVar [[r.ParticleLightQuality:2]]
[2022.01.07-15.48.48:724][  0]LogConfig: Setting CVar [[r.SkyAtmosphere.AerialPerspectiveLUT.FastApplyOnOpaque:1 ; Always have FastSkyLUT 1 in this case to avoid wrong sky]]
[2022.01.07-15.48.48:724][  0]LogConfig: Setting CVar [[r.SkyAtmosphere.AerialPerspectiveLUT.SampleCountMaxPerSlice:4]]
[2022.01.07-15.48.48:724][  0]LogConfig: Setting CVar [[r.SkyAtmosphere.AerialPerspectiveLUT.DepthResolution:16.0]]
[2022.01.07-15.48.48:724][  0]LogConfig: Setting CVar [[r.SkyAtmosphere.FastSkyLUT:1]]
[2022.01.07-15.48.48:724][  0]LogConfig: Setting CVar [[r.SkyAtmosphere.FastSkyLUT.SampleCountMin:4.0]]
[2022.01.07-15.48.48:724][  0]LogConfig: Setting CVar [[r.SkyAtmosphere.FastSkyLUT.SampleCountMax:128.0]]
[2022.01.07-15.48.48:724][  0]LogConfig: Setting CVar [[r.SkyAtmosphere.SampleCountMin:4.0]]
[2022.01.07-15.48.48:724][  0]LogConfig: Setting CVar [[r.SkyAtmosphere.SampleCountMax:128.0]]
[2022.01.07-15.48.48:724][  0]LogConfig: Setting CVar [[r.SkyAtmosphere.TransmittanceLUT.UseSmallFormat:0]]
[2022.01.07-15.48.48:724][  0]LogConfig: Setting CVar [[r.SkyAtmosphere.TransmittanceLUT.SampleCount:10.0]]
[2022.01.07-15.48.48:724][  0]LogConfig: Setting CVar [[r.SkyAtmosphere.MultiScatteringLUT.SampleCount:15.0]]
[2022.01.07-15.48.48:724][  0]LogConfig: Setting CVar [[r.SkyLight.RealTimeReflectionCapture:1]]
[2022.01.07-15.48.48:724][  0]LogConfig: Applying CVar settings from Section [FoliageQuality@3] File [D:/VACCINEMAN/VaccineMan/VaccineAssets_01/Saved/Config/Windows/Scalability.ini]
[2022.01.07-15.48.48:724][  0]LogConfig: Setting CVar [[foliage.DensityScale:1.0]]
[2022.01.07-15.48.48:724][  0]LogConfig: Setting CVar [[grass.DensityScale:1.0]]
[2022.01.07-15.48.48:724][  0]LogConfig: Applying CVar settings from Section [ShadingQuality@3] File [D:/VACCINEMAN/VaccineMan/VaccineAssets_01/Saved/Config/Windows/Scalability.ini]
[2022.01.07-15.48.48:724][  0]LogConfig: Setting CVar [[r.HairStrands.SkyLighting.IntegrationType:2]]
[2022.01.07-15.48.48:724][  0]LogConfig: Setting CVar [[r.HairStrands.SkyAO.SampleCount:4]]
[2022.01.07-15.48.48:724][  0]LogConfig: Setting CVar [[r.HairStrands.Visibility.MSAA.SamplePerPixel:4]]
[2022.01.07-15.48.48:724][  0]LogInit: Selected Device Profile: [Windows]
[2022.01.07-15.48.48:724][  0]LogInit: Applying CVar settings loaded from the selected device profile: [Windows]
[2022.01.07-15.48.48:724][  0]LogHAL: Display: Platform has ~ 64 GB [68630540288 / 68719476736 / 64], which maps to Largest [LargestMinGB=32, LargerMinGB=12, DefaultMinGB=8, SmallerMinGB=6, SmallestMinGB=0)
[2022.01.07-15.48.48:724][  0]LogInit: Going up to parent DeviceProfile []
[2022.01.07-15.48.48:724][  0]LogConfig: Applying CVar settings from Section [ViewDistanceQuality@3] File [D:/VACCINEMAN/VaccineMan/VaccineAssets_01/Saved/Config/Windows/Scalability.ini]
[2022.01.07-15.48.48:724][  0]LogConfig: Setting CVar [[r.SkeletalMeshLODBias:0]]
[2022.01.07-15.48.48:724][  0]LogConfig: Setting CVar [[r.ViewDistanceScale:1.0]]
[2022.01.07-15.48.48:724][  0]LogConfig: Applying CVar settings from Section [AntiAliasingQuality@3] File [D:/VACCINEMAN/VaccineMan/VaccineAssets_01/Saved/Config/Windows/Scalability.ini]
[2022.01.07-15.48.48:724][  0]LogConfig: Setting CVar [[r.PostProcessAAQuality:4]]
[2022.01.07-15.48.48:724][  0]LogConfig: Applying CVar settings from Section [ShadowQuality@3] File [D:/VACCINEMAN/VaccineMan/VaccineAssets_01/Saved/Config/Windows/Scalability.ini]
[2022.01.07-15.48.48:724][  0]LogConfig: Setting CVar [[r.LightFunctionQuality:1]]
[2022.01.07-15.48.48:724][  0]LogConfig: Setting CVar [[r.ShadowQuality:5]]
[2022.01.07-15.48.48:724][  0]LogConfig: Setting CVar [[r.Shadow.CSM.MaxCascades:10]]
[2022.01.07-15.48.48:724][  0]LogConfig: Setting CVar [[r.Shadow.MaxResolution:2048]]
[2022.01.07-15.48.48:724][  0]LogConfig: Setting CVar [[r.Shadow.MaxCSMResolution:2048]]
[2022.01.07-15.48.48:724][  0]LogConfig: Setting CVar [[r.Shadow.RadiusThreshold:0.01]]
[2022.01.07-15.48.48:724][  0]LogConfig: Setting CVar [[r.Shadow.DistanceScale:1.0]]
[2022.01.07-15.48.48:724][  0]LogConfig: Setting CVar [[r.Shadow.CSM.TransitionScale:1.0]]
[2022.01.07-15.48.48:724][  0]LogConfig: Setting CVar [[r.Shadow.PreShadowResolutionFactor:1.0]]
[2022.01.07-15.48.48:724][  0]LogConfig: Setting CVar [[r.DistanceFieldShadowing:1]]
[2022.01.07-15.48.48:724][  0]LogConfig: Setting CVar [[r.DistanceFieldAO:1]]
[2022.01.07-15.48.48:724][  0]LogConfig: Setting CVar [[r.AOQuality:2]]
[2022.01.07-15.48.48:724][  0]LogConfig: Setting CVar [[r.VolumetricFog:1]]
[2022.01.07-15.48.48:724][  0]LogConfig: Setting CVar [[r.VolumetricFog.GridPixelSize:8]]
[2022.01.07-15.48.48:724][  0]LogConfig: Setting CVar [[r.VolumetricFog.GridSizeZ:128]]
[2022.01.07-15.48.48:724][  0]LogConfig: Setting CVar [[r.VolumetricFog.HistoryMissSupersampleCount:4]]
[2022.01.07-15.48.48:724][  0]LogConfig: Setting CVar [[r.LightMaxDrawDistanceScale:1]]
[2022.01.07-15.48.48:724][  0]LogConfig: Setting CVar [[r.CapsuleShadows:1]]
[2022.01.07-15.48.48:724][  0]LogConfig: Applying CVar settings from Section [PostProcessQuality@3] File [D:/VACCINEMAN/VaccineMan/VaccineAssets_01/Saved/Config/Windows/Scalability.ini]
[2022.01.07-15.48.48:724][  0]LogConfig: Setting CVar [[r.MotionBlurQuality:4]]
[2022.01.07-15.48.48:724][  0]LogConfig: Setting CVar [[r.AmbientOcclusionMipLevelFactor:0.4]]
[2022.01.07-15.48.48:724][  0]LogConfig: Setting CVar [[r.AmbientOcclusionMaxQuality:100]]
[2022.01.07-15.48.48:724][  0]LogConfig: Setting CVar [[r.AmbientOcclusionLevels:-1]]
[2022.01.07-15.48.48:724][  0]LogConfig: Setting CVar [[r.AmbientOcclusionRadiusScale:1.0]]
[2022.01.07-15.48.48:724][  0]LogConfig: Setting CVar [[r.DepthOfFieldQuality:2]]
[2022.01.07-15.48.48:724][  0]LogConfig: Setting CVar [[r.RenderTargetPoolMin:400]]
[2022.01.07-15.48.48:724][  0]LogConfig: Setting CVar [[r.LensFlareQuality:2]]
[2022.01.07-15.48.48:724][  0]LogConfig: Setting CVar [[r.SceneColorFringeQuality:1]]
[2022.01.07-15.48.48:724][  0]LogConfig: Setting CVar [[r.EyeAdaptationQuality:2]]
[2022.01.07-15.48.48:724][  0]LogConfig: Setting CVar [[r.BloomQuality:5]]
[2022.01.07-15.48.48:724][  0]LogConfig: Setting CVar [[r.FastBlurThreshold:100]]
[2022.01.07-15.48.48:724][  0]LogConfig: Setting CVar [[r.Upscale.Quality:3]]
[2022.01.07-15.48.48:724][  0]LogConfig: Setting CVar [[r.Tonemapper.GrainQuantization:1]]
[2022.01.07-15.48.48:724][  0]LogConfig: Setting CVar [[r.LightShaftQuality:1]]
[2022.01.07-15.48.48:724][  0]LogConfig: Setting CVar [[r.Filter.SizeScale:1]]
[2022.01.07-15.48.48:724][  0]LogConfig: Setting CVar [[r.Tonemapper.Quality:5]]
[2022.01.07-15.48.48:724][  0]LogConfig: Setting CVar [[r.DOF.Gather.AccumulatorQuality:1        ; higher gathering accumulator quality]]
[2022.01.07-15.48.48:724][  0]LogConfig: Setting CVar [[r.DOF.Gather.PostfilterMethod:1          ; Median3x3 postfilering method]]
[2022.01.07-15.48.48:724][  0]LogConfig: Setting CVar [[r.DOF.Gather.EnableBokehSettings:0       ; no bokeh simulation when gathering]]
[2022.01.07-15.48.48:724][  0]LogConfig: Setting CVar [[r.DOF.Gather.RingCount:4                 ; medium number of samples when gathering]]
[2022.01.07-15.48.48:724][  0]LogConfig: Setting CVar [[r.DOF.Scatter.ForegroundCompositing:1    ; additive foreground scattering]]
[2022.01.07-15.48.48:724][  0]LogConfig: Setting CVar [[r.DOF.Scatter.BackgroundCompositing:2    ; additive background scattering]]
[2022.01.07-15.48.48:724][  0]LogConfig: Setting CVar [[r.DOF.Scatter.EnableBokehSettings:1      ; bokeh simulation when scattering]]
[2022.01.07-15.48.48:724][  0]LogConfig: Setting CVar [[r.DOF.Scatter.MaxSpriteRatio:0.1         ; only a maximum of 10% of scattered bokeh]]
[2022.01.07-15.48.48:724][  0]LogConfig: Setting CVar [[r.DOF.Recombine.Quality:1                ; cheap slight out of focus]]
[2022.01.07-15.48.48:724][  0]LogConfig: Setting CVar [[r.DOF.Recombine.EnableBokehSettings:0    ; no bokeh simulation on slight out of focus]]
[2022.01.07-15.48.48:724][  0]LogConfig: Setting CVar [[r.DOF.TemporalAAQuality:1                ; more stable temporal accumulation]]
[2022.01.07-15.48.48:724][  0]LogConfig: Setting CVar [[r.DOF.Kernel.MaxForegroundRadius:0.025]]
[2022.01.07-15.48.48:724][  0]LogConfig: Setting CVar [[r.DOF.Kernel.MaxBackgroundRadius:0.025]]
[2022.01.07-15.48.48:724][  0]LogConfig: Applying CVar settings from Section [TextureQuality@3] File [D:/VACCINEMAN/VaccineMan/VaccineAssets_01/Saved/Config/Windows/Scalability.ini]
[2022.01.07-15.48.48:725][  0]LogConfig: Setting CVar [[r.Streaming.MipBias:0]]
[2022.01.07-15.48.48:725][  0]LogConfig: Setting CVar [[r.Streaming.AmortizeCPUToGPUCopy:0]]
[2022.01.07-15.48.48:725][  0]LogConfig: Setting CVar [[r.Streaming.MaxNumTexturesToStreamPerFrame:0]]
[2022.01.07-15.48.48:725][  0]LogConfig: Setting CVar [[r.Streaming.Boost:1]]
[2022.01.07-15.48.48:725][  0]LogConfig: Setting CVar [[r.MaxAnisotropy:8]]
[2022.01.07-15.48.48:725][  0]LogConfig: Setting CVar [[r.VT.MaxAnisotropy:8]]
[2022.01.07-15.48.48:725][  0]LogConfig: Setting CVar [[r.Streaming.LimitPoolSizeToVRAM:0]]
[2022.01.07-15.48.48:725][  0]LogConfig: Setting CVar [[r.Streaming.PoolSize:1000]]
[2022.01.07-15.48.48:725][  0]LogConfig: Setting CVar [[r.Streaming.MaxEffectiveScreenSize:0]]
[2022.01.07-15.48.48:725][  0]LogConfig: Applying CVar settings from Section [EffectsQuality@3] File [D:/VACCINEMAN/VaccineMan/VaccineAssets_01/Saved/Config/Windows/Scalability.ini]
[2022.01.07-15.48.48:725][  0]LogConfig: Setting CVar [[r.TranslucencyLightingVolumeDim:64]]
[2022.01.07-15.48.48:725][  0]LogConfig: Setting CVar [[r.RefractionQuality:2]]
[2022.01.07-15.48.48:725][  0]LogConfig: Setting CVar [[r.SSR.Quality:3]]
[2022.01.07-15.48.48:725][  0]LogConfig: Setting CVar [[r.SSR.HalfResSceneColor:0]]
[2022.01.07-15.48.48:725][  0]LogConfig: Setting CVar [[r.SceneColorFormat:4]]
[2022.01.07-15.48.48:725][  0]LogConfig: Setting CVar [[r.DetailMode:2]]
[2022.01.07-15.48.48:725][  0]LogConfig: Setting CVar [[r.TranslucencyVolumeBlur:1]]
[2022.01.07-15.48.48:725][  0]LogConfig: Setting CVar [[r.MaterialQualityLevel:1 ; High quality]]
[2022.01.07-15.48.48:725][  0]LogConfig: Setting CVar [[r.AnisotropicMaterials:1]]
[2022.01.07-15.48.48:725][  0]LogConfig: Setting CVar [[r.SSS.Scale:1]]
[2022.01.07-15.48.48:725][  0]LogConfig: Setting CVar [[r.SSS.SampleSet:2]]
[2022.01.07-15.48.48:725][  0]LogConfig: Setting CVar [[r.SSS.Quality:1]]
[2022.01.07-15.48.48:725][  0]LogConfig: Setting CVar [[r.SSS.HalfRes:0]]
[2022.01.07-15.48.48:725][  0]LogConfig: Setting CVar [[r.SSGI.Quality:3]]
[2022.01.07-15.48.48:725][  0]LogConfig: Setting CVar [[r.EmitterSpawnRateScale:1.0]]
[2022.01.07-15.48.48:725][  0]LogConfig: Setting CVar [[r.ParticleLightQuality:2]]
[2022.01.07-15.48.48:725][  0]LogConfig: Setting CVar [[r.SkyAtmosphere.AerialPerspectiveLUT.FastApplyOnOpaque:1 ; Always have FastSkyLUT 1 in this case to avoid wrong sky]]
[2022.01.07-15.48.48:725][  0]LogConfig: Setting CVar [[r.SkyAtmosphere.AerialPerspectiveLUT.SampleCountMaxPerSlice:4]]
[2022.01.07-15.48.48:725][  0]LogConfig: Setting CVar [[r.SkyAtmosphere.AerialPerspectiveLUT.DepthResolution:16.0]]
[2022.01.07-15.48.48:725][  0]LogConfig: Setting CVar [[r.SkyAtmosphere.FastSkyLUT:1]]
[2022.01.07-15.48.48:725][  0]LogConfig: Setting CVar [[r.SkyAtmosphere.FastSkyLUT.SampleCountMin:4.0]]
[2022.01.07-15.48.48:725][  0]LogConfig: Setting CVar [[r.SkyAtmosphere.FastSkyLUT.SampleCountMax:128.0]]
[2022.01.07-15.48.48:725][  0]LogConfig: Setting CVar [[r.SkyAtmosphere.SampleCountMin:4.0]]
[2022.01.07-15.48.48:725][  0]LogConfig: Setting CVar [[r.SkyAtmosphere.SampleCountMax:128.0]]
[2022.01.07-15.48.48:725][  0]LogConfig: Setting CVar [[r.SkyAtmosphere.TransmittanceLUT.UseSmallFormat:0]]
[2022.01.07-15.48.48:725][  0]LogConfig: Setting CVar [[r.SkyAtmosphere.TransmittanceLUT.SampleCount:10.0]]
[2022.01.07-15.48.48:725][  0]LogConfig: Setting CVar [[r.SkyAtmosphere.MultiScatteringLUT.SampleCount:15.0]]
[2022.01.07-15.48.48:725][  0]LogConfig: Setting CVar [[r.SkyLight.RealTimeReflectionCapture:1]]
[2022.01.07-15.48.48:725][  0]LogConfig: Applying CVar settings from Section [FoliageQuality@3] File [D:/VACCINEMAN/VaccineMan/VaccineAssets_01/Saved/Config/Windows/Scalability.ini]
[2022.01.07-15.48.48:725][  0]LogConfig: Setting CVar [[foliage.DensityScale:1.0]]
[2022.01.07-15.48.48:725][  0]LogConfig: Setting CVar [[grass.DensityScale:1.0]]
[2022.01.07-15.48.48:725][  0]LogConfig: Applying CVar settings from Section [ShadingQuality@3] File [D:/VACCINEMAN/VaccineMan/VaccineAssets_01/Saved/Config/Windows/Scalability.ini]
[2022.01.07-15.48.48:725][  0]LogConfig: Setting CVar [[r.HairStrands.SkyLighting.IntegrationType:2]]
[2022.01.07-15.48.48:725][  0]LogConfig: Setting CVar [[r.HairStrands.SkyAO.SampleCount:4]]
[2022.01.07-15.48.48:725][  0]LogConfig: Setting CVar [[r.HairStrands.Visibility.MSAA.SamplePerPixel:4]]
[2022.01.07-15.48.48:725][  0]LogConfig: Applying CVar settings from Section [Startup] File [../../../Engine/Config/ConsoleVariables.ini]
[2022.01.07-15.48.48:725][  0]LogConfig: Setting CVar [[net.UseAdaptiveNetUpdateFrequency:0]]
[2022.01.07-15.48.48:725][  0]LogConfig: Setting CVar [[p.chaos.AllowCreatePhysxBodies:1]]
[2022.01.07-15.48.48:725][  0]LogConfig: Setting CVar [[fx.SkipVectorVMBackendOptimizations:1]]
[2022.01.07-15.48.48:725][  0]LogConfig: Applying CVar settings from Section [ConsoleVariables] File [D:/VACCINEMAN/VaccineMan/VaccineAssets_01/Saved/Config/Windows/Engine.ini]
[2022.01.07-15.48.48:725][  0]LogConfig: Applying CVar settings from Section [ConsoleVariables] File [D:/VACCINEMAN/VaccineMan/VaccineAssets_01/Saved/Config/Windows/Editor.ini]
[2022.01.07-15.48.48:725][  0]LogInit: Computer: DESKTOP-VGAELAR
[2022.01.07-15.48.48:725][  0]LogInit: User: maxtr
[2022.01.07-15.48.48:725][  0]LogInit: CPU Page size=4096, Cores=16
[2022.01.07-15.48.48:725][  0]LogInit: High frequency timer resolution =10.000000 MHz
[2022.01.07-15.48.48:725][  0]LogMemory: Memory total: Physical=63.9GB (64GB approx)
[2022.01.07-15.48.48:725][  0]LogMemory: Platform Memory Stats for Windows
[2022.01.07-15.48.48:725][  0]LogMemory: Process Physical Memory: 154.54 MB used, 154.54 MB peak
[2022.01.07-15.48.48:725][  0]LogMemory: Process Virtual Memory: 129.69 MB used, 129.69 MB peak
[2022.01.07-15.48.48:725][  0]LogMemory: Physical Memory: 18871.29 MB used,  46579.89 MB free, 65451.18 MB total
[2022.01.07-15.48.48:725][  0]LogMemory: Virtual Memory: 134167840.00 MB used,  49886.41 MB free, 134217728.00 MB total
[2022.01.07-15.48.48:729][  0]LogWindows: WindowsPlatformFeatures enabled
[2022.01.07-15.48.48:754][  0]LogInit: Physics initialised using underlying interface: PhysX
[2022.01.07-15.48.48:754][  0]LogInit: Using OS detected language (en-US).
[2022.01.07-15.48.48:755][  0]LogInit: Using OS detected locale (en-SE).
[2022.01.07-15.48.48:760][  0]LogTextLocalizationManager: No specific localization for 'en-US' exists, so the 'en' localization will be used.
[2022.01.07-15.48.48:894][  0]LogInit: Setting process to per monitor DPI aware
[2022.01.07-15.48.48:904][  0]LogWindowsTextInputMethodSystem: Display: IME system deactivated.
[2022.01.07-15.48.48:924][  0]LogSlate: New Slate User Created.  User Index 0, Is Virtual User: 0
[2022.01.07-15.48.48:924][  0]LogSlate: Slate User Registered.  User Index 0, Is Virtual User: 0
[2022.01.07-15.48.49:034][  0]LogD3D11RHI: Loaded GFSDK_Aftermath_Lib.x64.dll
[2022.01.07-15.48.49:036][  0]LogHMD: Failed to initialize OpenVR with code 110
[2022.01.07-15.48.49:036][  0]LogD3D11RHI: D3D11 min allowed feature level: 11_0
[2022.01.07-15.48.49:036][  0]LogD3D11RHI: D3D11 max allowed feature level: 11_0
[2022.01.07-15.48.49:036][  0]LogD3D11RHI: D3D11 adapters:
[2022.01.07-15.48.49:114][  0]LogD3D11RHI:    0. 'NVIDIA GeForce RTX 3090' (Feature Level 11_0)
[2022.01.07-15.48.49:114][  0]LogD3D11RHI:       24348/0/32725 MB DedicatedVideo/DedicatedSystem/SharedSystem, Outputs:3, VendorId:0x10de
[2022.01.07-15.48.49:115][  0]LogD3D11RHI:    1. 'Microsoft Basic Render Driver' (Feature Level 11_0)
[2022.01.07-15.48.49:115][  0]LogD3D11RHI:       0/0/32725 MB DedicatedVideo/DedicatedSystem/SharedSystem, Outputs:0, VendorId:0x1414
[2022.01.07-15.48.49:115][  0]LogD3D11RHI: Chosen D3D11 Adapter:
[2022.01.07-15.48.49:115][  0]LogD3D11RHI:     Description : NVIDIA GeForce RTX 3090
[2022.01.07-15.48.49:115][  0]LogD3D11RHI:     VendorId    : 10de
[2022.01.07-15.48.49:115][  0]LogD3D11RHI:     DeviceId    : 2204
[2022.01.07-15.48.49:115][  0]LogD3D11RHI:     SubSysId    : 87b31043
[2022.01.07-15.48.49:115][  0]LogD3D11RHI:     Revision    : 00a1
[2022.01.07-15.48.49:115][  0]LogD3D11RHI:     DedicatedVideoMemory : 25530728448 bytes
[2022.01.07-15.48.49:115][  0]LogD3D11RHI:     DedicatedSystemMemory : 0 bytes
[2022.01.07-15.48.49:115][  0]LogD3D11RHI:     SharedSystemMemory : 34315270144 bytes
[2022.01.07-15.48.49:115][  0]LogD3D11RHI:     AdapterLuid : 0 53487
[2022.01.07-15.48.49:123][  0]LogD3D11RHI: Creating new Direct3DDevice
[2022.01.07-15.48.49:123][  0]LogD3D11RHI:     GPU DeviceId: 0x2204 (for the marketing name, search the web for "GPU Device Id")
[2022.01.07-15.48.49:123][  0]LogWindows: EnumDisplayDevices:
[2022.01.07-15.48.49:123][  0]LogWindows:    0. 'NVIDIA GeForce RTX 3090' (P:1 D:1)
[2022.01.07-15.48.49:124][  0]LogWindows:    1. 'NVIDIA GeForce RTX 3090' (P:0 D:1)
[2022.01.07-15.48.49:124][  0]LogWindows:    2. 'NVIDIA GeForce RTX 3090' (P:0 D:1)
[2022.01.07-15.48.49:124][  0]LogWindows:    3. 'NVIDIA GeForce RTX 3090' (P:0 D:0)
[2022.01.07-15.48.49:124][  0]LogWindows: DebugString: FoundDriverCount:4 
[2022.01.07-15.48.49:124][  0]LogD3D11RHI:     Adapter Name: NVIDIA GeForce RTX 3090
[2022.01.07-15.48.49:124][  0]LogD3D11RHI:   Driver Version: 496.49 (internal:30.0.14.9649, unified:496.49)
[2022.01.07-15.48.49:124][  0]LogD3D11RHI:      Driver Date: 10-20-2021
[2022.01.07-15.48.49:124][  0]LogRHI: Texture pool is 17043 MB (70% of 24348 MB)
[2022.01.07-15.48.49:124][  0]LogD3D11RHI: Creating D3DDevice using adapter:
[2022.01.07-15.48.49:124][  0]LogD3D11RHI:     Description : NVIDIA GeForce RTX 3090
[2022.01.07-15.48.49:124][  0]LogD3D11RHI:     VendorId    : 10de
[2022.01.07-15.48.49:124][  0]LogD3D11RHI:     DeviceId    : 2204
[2022.01.07-15.48.49:124][  0]LogD3D11RHI:     SubSysId    : 87b31043
[2022.01.07-15.48.49:124][  0]LogD3D11RHI:     Revision    : 00a1
[2022.01.07-15.48.49:124][  0]LogD3D11RHI:     DedicatedVideoMemory : 25530728448 bytes
[2022.01.07-15.48.49:124][  0]LogD3D11RHI:     DedicatedSystemMemory : 0 bytes
[2022.01.07-15.48.49:124][  0]LogD3D11RHI:     SharedSystemMemory : 34315270144 bytes
[2022.01.07-15.48.49:124][  0]LogD3D11RHI:     AdapterLuid : 0 53487
[2022.01.07-15.48.49:171][  0]LogD3D11RHI: RHI has support for 64 bit atomics
[2022.01.07-15.48.49:171][  0]LogD3D11RHI: Async texture creation enabled
[2022.01.07-15.48.49:171][  0]LogD3D11RHI: Array index from any shader is supported
[2022.01.07-15.48.49:197][  0]LogD3D11RHI: GPU Timing Frequency: 1000.000000 (Debug: 2 1)
[2022.01.07-15.48.49:215][  0]LogRHI: GeForceNow SDK initialized: 1
[2022.01.07-15.48.49:417][  0]LogTargetPlatformManager: Display: Loaded TargetPlatform 'AllDesktop'
[2022.01.07-15.48.49:433][  0]LogTargetPlatformManager: Display: Loaded TargetPlatform 'Android'
[2022.01.07-15.48.49:433][  0]LogTargetPlatformManager: Display: Loaded TargetPlatform 'Android_ASTC'
[2022.01.07-15.48.49:433][  0]LogTargetPlatformManager: Display: Loaded TargetPlatform 'Android_DXT'
[2022.01.07-15.48.49:433][  0]LogTargetPlatformManager: Display: Loaded TargetPlatform 'Android_ETC2'
[2022.01.07-15.48.49:433][  0]LogTargetPlatformManager: Display: Loaded TargetPlatform 'AndroidClient'
[2022.01.07-15.48.49:433][  0]LogTargetPlatformManager: Display: Loaded TargetPlatform 'Android_ASTCClient'
[2022.01.07-15.48.49:433][  0]LogTargetPlatformManager: Display: Loaded TargetPlatform 'Android_DXTClient'
[2022.01.07-15.48.49:433][  0]LogTargetPlatformManager: Display: Loaded TargetPlatform 'Android_ETC2Client'
[2022.01.07-15.48.49:433][  0]LogTargetPlatformManager: Display: Loaded TargetPlatform 'Android_Multi'
[2022.01.07-15.48.49:433][  0]LogTargetPlatformManager: Display: Loaded TargetPlatform 'Android_MultiClient'
[2022.01.07-15.48.49:446][  0]LogTargetPlatformManager: Display: Loaded TargetPlatform 'IOSClient'
[2022.01.07-15.48.49:446][  0]LogTargetPlatformManager: Display: Loaded TargetPlatform 'IOS'
[2022.01.07-15.48.49:453][  0]LogTargetPlatformManager: Display: Loaded TargetPlatform 'Linux'
[2022.01.07-15.48.49:456][  0]LogTargetPlatformManager: Display: Loaded TargetPlatform 'LinuxNoEditor'
[2022.01.07-15.48.49:459][  0]LogTargetPlatformManager: Display: Loaded TargetPlatform 'LinuxClient'
[2022.01.07-15.48.49:462][  0]LogTargetPlatformManager: Display: Loaded TargetPlatform 'LinuxServer'
[2022.01.07-15.48.49:468][  0]LogTargetPlatformManager: Display: Loaded TargetPlatform 'LinuxAArch64NoEditor'
[2022.01.07-15.48.49:471][  0]LogTargetPlatformManager: Display: Loaded TargetPlatform 'LinuxAArch64Client'
[2022.01.07-15.48.49:474][  0]LogTargetPlatformManager: Display: Loaded TargetPlatform 'LinuxAArch64Server'
[2022.01.07-15.48.49:491][  0]LogTargetPlatformManager: Display: Loaded TargetPlatform 'Lumin'
[2022.01.07-15.48.49:492][  0]LogTargetPlatformManager: Display: Loaded TargetPlatform 'LuminClient'
[2022.01.07-15.48.49:497][  0]LogTargetPlatformManager: Display: Loaded TargetPlatform 'MacNoEditor'
[2022.01.07-15.48.49:501][  0]LogTargetPlatformManager: Display: Loaded TargetPlatform 'Mac'
[2022.01.07-15.48.49:504][  0]LogTargetPlatformManager: Display: Loaded TargetPlatform 'MacClient'
[2022.01.07-15.48.49:507][  0]LogTargetPlatformManager: Display: Loaded TargetPlatform 'MacServer'
[2022.01.07-15.48.49:514][  0]LogTargetPlatformManager: Display: Loaded TargetPlatform 'TVOSClient'
[2022.01.07-15.48.49:514][  0]LogTargetPlatformManager: Display: Loaded TargetPlatform 'TVOS'
[2022.01.07-15.48.49:520][  0]LogTargetPlatformManager: Display: Loaded TargetPlatform 'WindowsNoEditor'
[2022.01.07-15.48.49:524][  0]LogTargetPlatformManager: Display: Loaded TargetPlatform 'Windows'
[2022.01.07-15.48.49:527][  0]LogTargetPlatformManager: Display: Loaded TargetPlatform 'WindowsClient'
[2022.01.07-15.48.49:530][  0]LogTargetPlatformManager: Display: Loaded TargetPlatform 'WindowsServer'
[2022.01.07-15.48.49:530][  0]LogTargetPlatformManager: Display: Building Assets For Windows
[2022.01.07-15.48.49:534][  0]LogAudioDebug: Display: Lib vorbis DLL was dynamically loaded.
[2022.01.07-15.48.49:559][  0]LogTextureFormatOodle: Display: Oodle Texture 2.9.0 init RDO Off
[2022.01.07-15.48.49:581][  0]LogRendererCore: Ray tracing is disabled. Reason: r.RayTracing=0.
[2022.01.07-15.48.49:581][  0]LogShaderCompilers: Guid format shader working directory is 4 characters bigger than the processId version (D:/VACCINEMAN/VaccineMan/VaccineAssets_01/Intermediate/Shaders/WorkingDirectory/27564/).
[2022.01.07-15.48.49:581][  0]LogShaderCompilers: Cleaned the shader compiler working directory 'C:/Users/maxtr/AppData/Local/Temp/UnrealShaderWorkingDir/D3F8F28A40ADEDDC603D8EA309252189/'.
[2022.01.07-15.48.49:582][  0]LogXGEController: Cannot use XGE Controller as Incredibuild is not installed on this machine.
[2022.01.07-15.48.49:582][  0]LogShaderCompilers: Cannot use XGE Shader Compiler as Incredibuild is not installed on this machine.
[2022.01.07-15.48.49:582][  0]LogShaderCompilers: Display: Using Local Shader Compiler.
[2022.01.07-15.48.50:117][  0]LogDerivedDataCache: Display: Max Cache Size: 512 MB
[2022.01.07-15.48.50:158][  0]LogDerivedDataCache: Loaded boot cache 0.04s 95MB C:/Users/maxtr/AppData/Local/UnrealEngine/4.27/DerivedDataCache/Boot.ddc.
[2022.01.07-15.48.50:158][  0]LogDerivedDataCache: Display: Loaded Boot cache: C:/Users/maxtr/AppData/Local/UnrealEngine/4.27/DerivedDataCache/Boot.ddc
[2022.01.07-15.48.50:158][  0]LogDerivedDataCache: FDerivedDataBackendGraph:  Pak pak cache file D:/VACCINEMAN/VaccineMan/VaccineAssets_01/DerivedDataCache/DDC.ddp not found, will not use a pak cache.
[2022.01.07-15.48.50:158][  0]LogDerivedDataCache: Unable to find inner node Pak for hierarchical cache Hierarchy.
[2022.01.07-15.48.50:158][  0]LogDerivedDataCache: FDerivedDataBackendGraph:  CompressedPak pak cache file D:/VACCINEMAN/VaccineMan/VaccineAssets_01/DerivedDataCache/Compressed.ddp not found, will not use a pak cache.
[2022.01.07-15.48.50:158][  0]LogDerivedDataCache: Unable to find inner node CompressedPak for hierarchical cache Hierarchy.
[2022.01.07-15.48.50:172][  0]LogDerivedDataCache: Display: Pak cache opened for reading ../../../Engine/DerivedDataCache/Compressed.ddp.
[2022.01.07-15.48.50:172][  0]LogDerivedDataCache: FDerivedDataBackendGraph:  EnterprisePak pak cache file ../../../Enterprise/DerivedDataCache/Compressed.ddp not found, will not use a pak cache.
[2022.01.07-15.48.50:172][  0]LogDerivedDataCache: Unable to find inner node EnterprisePak for hierarchical cache Hierarchy.
[2022.01.07-15.48.50:178][  0]LogDerivedDataCache: Speed tests for C:/Users/maxtr/AppData/Local/UnrealEngine/Common/DerivedDataCache took 0.01 seconds
[2022.01.07-15.48.50:178][  0]LogDerivedDataCache: Display: Performance to C:/Users/maxtr/AppData/Local/UnrealEngine/Common/DerivedDataCache: Latency=0.02ms. RandomReadSpeed=1423.94MBs, RandomWriteSpeed=212.50MBs. Assigned SpeedClass 'Local'
[2022.01.07-15.48.50:178][  0]LogDerivedDataCache: Using Local data cache path C:/Users/maxtr/AppData/Local/UnrealEngine/Common/DerivedDataCache: Writable
[2022.01.07-15.48.50:178][  0]LogDerivedDataCache: Shared data cache path not found in *engine.ini, will not use an Shared cache.
[2022.01.07-15.48.50:178][  0]LogDerivedDataCache: Unable to find inner node Shared for hierarchical cache Hierarchy.
[2022.01.07-15.48.50:213][  0]LogSlate: Using FreeType 2.10.0
[2022.01.07-15.48.50:213][  0]LogSlate: SlateFontServices - WITH_FREETYPE: 1, WITH_HARFBUZZ: 1
[2022.01.07-15.48.50:229][  0]LogAssetRegistry: FAssetRegistry took 0.0023 seconds to start up
[2022.01.07-15.48.50:418][  0]LogInit: Selected Device Profile: [Windows]
[2022.01.07-15.48.50:418][  0]LogInit: Active device profile: [000001E3C24B6D00][000001E3C0A7D340 49] Windows
[2022.01.07-15.48.50:418][  0]LogInit: Profiles: [000001E3C24B6D00][000001E3C0A7D340 49] Windows, [000001E3C244DD00][000001E3C0A8B4C0 49] WindowsNoEditor, [000001E3C24B7C00][000001E3B29DB640 49] WindowsServer, [000001E3C244EA00][000001E3B29DF7C0 49] WindowsClient, [000001E3C24B5800][000001E3B29E3940 49] IOS, [000001E3C244D200][000001E3B29E7AC0 49] iPadAir, [000001E3C24B6500][000001E3B29EA0C0 49] iPadAir2, [000001E3C23F1200][000001E3B29F8380 49] IPadPro, [000001E3C23F1300][000001E3B29EE3C0 49] iPadAir3, [000001E3C244FA00][000001E3B2A02540 49] iPadAir4, [000001E3C23F2000][000001E3B2A066C0 49] iPadMini2, [000001E3C244EF00][000001E3C0A80800 49] iPadMini3, [000001E3C23F2B00][000001E3B2A0A940 49] iPadMini4, [000001E3C244E000][000001E3B2A0EA80 49] iPadMini5, [000001E3C2428C00][000001E3B2A1AD00 49] iPhone6, [000001E3C2428D00][000001E3B2A12D40 49] iPodTouch6, [000001E3C24B4B00][000001E3B2A23000 49] iPhone7, [000001E3C24B5B00][000001E3B2A1F040 49] iPodTouch7, [000001E3C23F1400][000001E3B3F851C0 49] iPhone5S, [000001E3C24B6B00][000001E3B3F89340 49] iPhone6Plus, [000001E3C2428100][000001E3B3F8D4C0 49] iPhone6S, [000001E3C23F0800][000001E3B3F91640 49] iPhone6SPlus, [000001E3C242BE00][000001E3B3F957C0 49] iPhone7Plus, [000001E3C23F0F00][000001E3B3F99940 49] iPhoneSE, [000001E3C242B800][000001E3B3F9DAC0 49] iPhone8, [000001E3C23F3500][000001E3B3FA00C0 49] iPhone8Plus, [000001E3C242A400][000001E3B3FA4240 49] iPhoneX, [000001E3C23F1700][000001E3B3FA83C0 49] iPhoneXS, [000001E3C242AF00][000001E3B3FAC540 49] iPhoneXSMax, [000001E3C24B4C00][000001E3B3FB06C0 49] iPhoneXR, [000001E3C2428E00][000001E3B3FB4840 49] iPhone11, [000001E3C24B5E00][000001E3B2A16980 49] iPhone11Pro, [000001E3C242BD00][000001E3B3FB8AC0 49] iPhone11ProMax, [000001E3C24B5700][000001E3B3FBCC00 49] iPhoneSE2, [000001E3C2429600][000001E3B3FC0D40 49] iPhone12Mini, [000001E3C24B6000][000001E3B3FC8EC0 49] iPhone12, [000001E3C242B600][000001E3B3FCD040 49] iPhone12Pro, [000001E3C24B7700][000001E3B3FD11C0 49] iPhone12ProMax, [000001E3C242A100][000001E3B3FD5340 49] iPadPro105, [000001E3C24B6800][000001E3B3FD94C0 49] iPadPro129, [000001E3C2429400][000001E3B3FDD640 49] iPadPro97, [000001E3C24B7D00][000001E3B3FE17C0 49] iPadPro2_129, [000001E3C2428300][000001E3B3FE5940 49] iPad5, [000001E3C24B6F00][000001E3B3FE9AC0 49] iPad6, [000001E3C2429E00][000001E3B3FEC0C0 49] iPad7, [000001E3C24B5000][000001E3B3FF0240 49] iPad8, [000001E3C242B300][000001E3B3FF43C0 49] iPadPro11, [000001E3C24B4D00][000001E3B3FF8540 49] iPadPro2_11, [000001E3C2428B00][000001E3B3FFC6C0 49] iPadPro3_129, [000001E3C24B6200][000001E3B4000840 49] iPadPro4_129, [000001E3C242B100][000001E3B40049C0 49] AppleTV, [000001E3C24B7100][000001E3B4008B40 49] AppleTV4K, [000001E3C242A000][000001E3B3FC4C80 49] TVOS, [000001E3C24B7500][000001E3C0280DC0 49] Mac, [000001E3C2429C00][000001E3C0284F00 49] MacClient, [000001E3C24B7200][000001E3C028D080 49] MacNoEditor, [000001E3C2428500][000001E3C0291200 49] MacServer, [000001E3C24B5200][000001E3C0295380 49] Linux, [000001E3C2429300][000001E3C0299500 49] LinuxAArch64, [000001E3C24B4500][000001E3C029D680 49] LinuxNoEditor, [000001E3C242A800][000001E3C02A1800 49] LinuxAArch64NoEditor, [000001E3C24B4400][000001E3C02A5980 49] LinuxClient, [000001E3C242B000][000001E3C02A9B00 49] LinuxAArch64Client, [000001E3C24B5F00][000001E3C02AC100 49] LinuxServer, [000001E3C242B200][000001E3C02B0280 49] LinuxAArch64Server, [000001E3C24B6100][000001E3C02B4400 49] Android, [000001E3C2428200][000001E3C02B8580 49] Android_Low, [000001E3C24B4600][000001E3C02BC700 49] Android_Mid, [000001E3C2428900][000001E3C02C0880 49] Android_High, [000001E3C24B5600][000001E3C02C4A00 49] Android_Default, [000001E3C242A200][000001E3C02C8B80 49] Android_Adreno4xx, [000001E3C24B5400][000001E3C02CCD00 49] Android_Adreno5xx_Low, [000001E3C2429500][000001E3C0288E40 49] Android_Adreno5xx, [000001E3C24B4300][000001E3C02D0F80 49] Android_Adreno6xx, [000001E3C242AD00][000001E3C02D50C0 49] Android_Adreno6xx_Vulkan, [000001E3C244FD00][000001E3C02DD240 49] Android_Mali_T6xx, [000001E3C23F3F00][000001E3C02E13C0 49] Android_Mali_T7xx, [000001E3C244E400][000001E3C02E5540 49] Android_Mali_T8xx, [000001E3C23F3B00][000001E3C02E96C0 49] Android_Mali_G71, [000001E3C244E200][000001E3C02ED840 49] Android_Mali_G72, [000001E3C23F1900][000001E3C02F19C0 49] Android_Mali_G72_Vulkan, [000001E3C244DA00][000001E3C02F5B40 49] Android_Mali_G76, [000001E3C23F0500][000001E3C02F8140 49] Android_Mali_G76_Vulkan, [000001E3C244C600][000001E3C02FC2C0 49] Android_Mali_G77, [000001E3C23F3600][000001E3C0300440 49] Android_Mali_G77_Vulkan, [000001E3C244C200][000001E3C03045C0 49] Android_Mali_G78, [000001E3C23F3E00][000001E3C0308740 49] Android_Mali_G78_Vulkan, [000001E3C244ED00][000001E3C030C8C0 49] Android_Mali_G710, [000001E3C23F3000][000001E3C0310A40 49] Android_Mali_G710_Vulkan, [000001E3C244F300][000001E3C0314BC0 49] Android_Vulkan_SM5, [000001E3C23F0E00][000001E3C0318D40 49] Android_PowerVR_G6xxx, [000001E3C244F600][000001E3C031CEC0 49] Android_PowerVR_GT7xxx, [000001E3C23F3300][000001E3C02D9000 49] Android_PowerVR_GE8xxx, [000001E3C244DC00][000001E3C0321140 49] Android_PowerVR_GM9xxx, [000001E3C23F3800][000001E3C0397280 49] Android_PowerVR_GM9xxx_Vulkan, [000001E3C244F700][000001E3C039F3C0 49] Android_TegraK1, [000001E3C23F1F00][000001E3B2BD7540 49] Android_Unknown_Vulkan, [000001E3C244C700][000001E3B3C936C0 49] Lumin, [000001E3C23F3100][000001E3B3D2B840 49] Lumin_Desktop, [000001E3C242A300][000001E3B3D479C0 49] HoloLens, 
[2022.01.07-15.48.50:508][  0]LogMeshReduction: Using QuadricMeshReduction for automatic static mesh reduction
[2022.01.07-15.48.50:508][  0]LogMeshReduction: Using SimplygonMeshReduction for automatic skeletal mesh reduction
[2022.01.07-15.48.50:508][  0]LogMeshReduction: Using ProxyLODMeshReduction for automatic mesh merging
[2022.01.07-15.48.50:508][  0]LogMeshReduction: No distributed automatic mesh merging module available
[2022.01.07-15.48.50:508][  0]LogMeshMerging: No distributed automatic mesh merging module available
[2022.01.07-15.48.50:525][  0]LogNetVersion: VaccineAssets_01 1.0.0, NetCL: 17155196, EngineNetVer: 17, GameNetVer: 0 (Checksum: 3573097097)
[2022.01.07-15.48.50:801][  0]LogTexture: Default maximum texture size for cubemaps generated from long-lat sources has been changed from 512 to unlimited. In order to preserve old behaiour for '/Engine/MapTemplates/Sky/DaylightAmbientCubemap.DaylightAmbientCubemap', its maximum texture size has been explicitly set to 512.
[2022.01.07-15.48.50:839][  0]LogHMD: PokeAHoleMaterial loaded successfully
[2022.01.07-15.48.50:843][  0]LogUObjectArray: 17178 objects as part of root set at end of initial load.
[2022.01.07-15.48.50:843][  0]LogUObjectAllocator: 4302048 out of 0 bytes used by permanent object pool.
[2022.01.07-15.48.50:843][  0]LogUObjectArray: CloseDisregardForGC: 0/0 objects in disregard for GC pool
[2022.01.07-15.48.51:036][  0]LogNiagaraDebuggerClient: Niagara Debugger Client Initialized | Session: 5ED34CB748D3272D31418089CFDB29D3 | Instance: E2B37E0C41C55B7BF16E63BEA35132F9 (DESKTOP-VGAELAR-27564).
[2022.01.07-15.48.51:118][  0]LogPython: Using Python 3.7.7
[2022.01.07-15.48.51:489][  0]LogTcpMessaging: Initializing TcpMessaging bridge
[2022.01.07-15.48.51:492][  0]LogUdpMessaging: Initializing bridge on interface 0.0.0.0:0 to multicast group 230.0.0.1:6666.
[2022.01.07-15.48.51:548][  0]LogLinker: Warning: Failed to load '/Game/DynamicFlight/Legacy/ReadMe': Can't find file.
[2022.01.07-15.48.51:548][  0]LogLinker: Warning: Failed to load '/Game/DynamicFlight/Legacy/ReadMe': Can't find file.
[2022.01.07-15.48.51:548][  0]LogUObjectGlobals: Warning: Failed to find object 'Class /Game/DynamicFlight/Legacy/ReadMe.ReadMe_C'
[2022.01.07-15.48.51:610][  0]SourceControl: Source control is disabled
[2022.01.07-15.48.51:611][  0]SourceControl: Source control is disabled
[2022.01.07-15.48.51:613][  0]SourceControl: Source control is disabled
[2022.01.07-15.48.51:617][  0]SourceControl: Source control is disabled
[2022.01.07-15.48.51:619][  0]SourceControl: Source control is disabled
[2022.01.07-15.48.51:626][  0]LogUProjectInfo: Found projects:
[2022.01.07-15.48.51:775][  0]LogOpenImageDenoise: OIDN starting up
[2022.01.07-15.48.51:806][  0]LogAndroidPermission: UAndroidPermissionCallbackProxy::GetInstance
[2022.01.07-15.48.51:820][  0]LogAudioCaptureCore: Display: No Audio Capture implementations found. Audio input will be silent.
[2022.01.07-15.48.51:820][  0]LogAudioCaptureCore: Display: No Audio Capture implementations found. Audio input will be silent.
[2022.01.07-15.48.51:908][  0]LogCollectionManager: Loaded 0 collections in 0.001742 seconds
[2022.01.07-15.48.51:927][  0]LogFileCache: Scanning file cache for directory 'D:/VACCINEMAN/VaccineMan/VaccineAssets_01/Saved/Collections/' took 0.00s
[2022.01.07-15.48.51:927][  0]LogFileCache: Scanning file cache for directory 'D:/VACCINEMAN/VaccineMan/VaccineAssets_01/Content/Developers/maxtr/Collections/' took 0.00s
[2022.01.07-15.48.51:927][  0]LogFileCache: Scanning file cache for directory 'D:/VACCINEMAN/VaccineMan/VaccineAssets_01/Content/Collections/' took 0.00s
[2022.01.07-15.48.51:927][  0]LogOcInput: OculusInput pre-init called
[2022.01.07-15.48.52:091][  0]LogClass: Warning: ObjectProperty FVehicleWheelAnimationInfo::WheelMesh is not initialized properly even though its struct probably has a custom default constructor. Module:ArcadeVehicleSystem File:Public/ArcadeVehicleAnimationSettings.h
[2022.01.07-15.48.52:091][  0]LogClass: Display: FloatProperty FFloat_NetQuantize::m_value is not initialized properly. Module:ArcadeVehicleSystem File:Public/ArcadeVehicleNetSerialization.h
[2022.01.07-15.48.52:091][  0]LogClass: Warning: ObjectProperty FVehicleSteeringSettings::SteeringCurve is not initialized properly even though its struct probably has a custom default constructor. Module:ArcadeVehicleSystem File:Public/ArcadeVehicleSettings.h
[2022.01.07-15.48.52:091][  0]LogClass: Warning: ObjectProperty FVehicleEngineSettings::AccelerationCurve is not initialized properly even though its struct probably has a custom default constructor. Module:ArcadeVehicleSystem File:Public/ArcadeVehicleSettings.h
[2022.01.07-15.48.52:091][  0]LogClass: Warning: ObjectProperty FVehicleEngineSettings::ReversingCurve is not initialized properly even though its struct probably has a custom default constructor. Module:ArcadeVehicleSystem File:Public/ArcadeVehicleSettings.h
[2022.01.07-15.48.52:091][  0]LogClass: Warning: ObjectProperty FVehicleEngineSettings::EngineBrakingCurve is not initialized properly even though its struct probably has a custom default constructor. Module:ArcadeVehicleSystem File:Public/ArcadeVehicleSettings.h
[2022.01.07-15.48.52:091][  0]LogClass: Warning: ObjectProperty FVehicleEngineSettings::BrakingCurve is not initialized properly even though its struct probably has a custom default constructor. Module:ArcadeVehicleSystem File:Public/ArcadeVehicleSettings.h
[2022.01.07-15.48.52:091][  0]LogClass: Display: 7 Uninitialized script struct members found including 6 object properties
[2022.01.07-15.48.52:092][  0]LogAutomationTest: Warning: ObjectProperty FVehicleWheelAnimationInfo::WheelMesh is not initialized properly even though its struct probably has a custom default constructor. Module:ArcadeVehicleSystem File:Public/ArcadeVehicleAnimationSettings.h
[2022.01.07-15.48.52:092][  0]LogAutomationTest: Warning: ObjectProperty FVehicleSteeringSettings::SteeringCurve is not initialized properly even though its struct probably has a custom default constructor. Module:ArcadeVehicleSystem File:Public/ArcadeVehicleSettings.h
[2022.01.07-15.48.52:092][  0]LogAutomationTest: Warning: ObjectProperty FVehicleEngineSettings::AccelerationCurve is not initialized properly even though its struct probably has a custom default constructor. Module:ArcadeVehicleSystem File:Public/ArcadeVehicleSettings.h
[2022.01.07-15.48.52:092][  0]LogAutomationTest: Warning: ObjectProperty FVehicleEngineSettings::ReversingCurve is not initialized properly even though its struct probably has a custom default constructor. Module:ArcadeVehicleSystem File:Public/ArcadeVehicleSettings.h
[2022.01.07-15.48.52:092][  0]LogAutomationTest: Warning: ObjectProperty FVehicleEngineSettings::EngineBrakingCurve is not initialized properly even though its struct probably has a custom default constructor. Module:ArcadeVehicleSystem File:Public/ArcadeVehicleSettings.h
[2022.01.07-15.48.52:092][  0]LogAutomationTest: Warning: ObjectProperty FVehicleEngineSettings::BrakingCurve is not initialized properly even though its struct probably has a custom default constructor. Module:ArcadeVehicleSystem File:Public/ArcadeVehicleSettings.h
[2022.01.07-15.48.52:092][  0]LogEngine: Initializing Engine...
[2022.01.07-15.48.52:094][  0]LogHMD: Failed to enumerate extensions. Please check that you have a valid OpenXR runtime installed.
[2022.01.07-15.48.52:094][  0]LogHMD: Failed to initialize OpenVR with code 110
[2022.01.07-15.48.52:094][  0]LogMagicLeap: Warning: VR disabled because ZI is not enabled.  To enable, in the editor, Edit -> Project Settings -> Plugins -> Magic Leap Plugin -> Enable Zero Iteration
[2022.01.07-15.48.52:095][  0]LogStats: UGameplayTagsManager::InitializeManager -  0.000 s
[2022.01.07-15.48.52:173][  0]LogInit: Initializing FReadOnlyCVARCache
[2022.01.07-15.48.52:180][  0]LogAIModule: Creating AISystem for world Untitled
[2022.01.07-15.48.52:184][  0]LogAudio: Display: Initializing Audio Device Manager...
[2022.01.07-15.48.52:186][  0]LogAudio: Display: Loading Default Audio Settings Objects...
[2022.01.07-15.48.52:187][  0]LogAudio: Display: No default SoundConcurrencyObject specified (or failed to load).
[2022.01.07-15.48.52:187][  0]LogAudio: Display: Audio Device Manager Initialized
[2022.01.07-15.48.52:187][  0]LogAudio: Display: Creating Audio Device:                 Id: 1, Scope: Shared, Realtime: True
[2022.01.07-15.48.52:187][  0]LogAudioMixer: Display: Audio Mixer Platform Settings:
[2022.01.07-15.48.52:187][  0]LogAudioMixer: Display: 	Sample Rate:						  48000
[2022.01.07-15.48.52:187][  0]LogAudioMixer: Display: 	Callback Buffer Frame Size Requested: 1024
[2022.01.07-15.48.52:187][  0]LogAudioMixer: Display: 	Callback Buffer Frame Size To Use:	  1024
[2022.01.07-15.48.52:187][  0]LogAudioMixer: Display: 	Number of buffers to queue:			  2
[2022.01.07-15.48.52:187][  0]LogAudioMixer: Display: 	Max Channels (voices):				  32
[2022.01.07-15.48.52:187][  0]LogAudioMixer: Display: 	Number of Async Source Workers:		  0
[2022.01.07-15.48.52:187][  0]LogAudio: Display: AudioDevice MaxSources: 32
[2022.01.07-15.48.52:187][  0]LogAudio: Display: Audio Spatialization Plugin: None (built-in).
[2022.01.07-15.48.52:187][  0]LogAudio: Display: Audio Reverb Plugin: None (built-in).
[2022.01.07-15.48.52:187][  0]LogAudio: Display: Audio Occlusion Plugin: None (built-in).
[2022.01.07-15.48.52:187][  0]LogAudioMixer: Display: Initializing audio mixer.
[2022.01.07-15.48.52:197][  0]LogAudioMixer: Display: 0: FrontLeft
[2022.01.07-15.48.52:197][  0]LogAudioMixer: Display: 1: FrontRight
[2022.01.07-15.48.52:223][  0]LogAudioMixer: Display: Using Audio Device Speakers (Yeti X)
[2022.01.07-15.48.52:224][  0]LogAudioMixer: Display: Initializing Sound Submixes...
[2022.01.07-15.48.52:226][  0]LogAudioMixer: Display: Creating Master Submix 'MasterSubmixDefault'
[2022.01.07-15.48.52:226][  0]LogAudioMixer: Display: Creating Master Submix 'MasterReverbSubmixDefault'
[2022.01.07-15.48.52:227][  0]LogAudioMixer: Display: Creating Master Submix 'MasterEQSubmixDefault'
[2022.01.07-15.48.52:227][  0]LogAudioMixer: FMixerPlatformXAudio2::StartAudioStream() called
[2022.01.07-15.48.52:227][  0]LogAudioMixer: Display: Output buffers initialized: Frames=1024, Channels=2, Samples=2048
[2022.01.07-15.48.52:227][  0]LogAudioMixer: Display: Starting AudioMixerPlatformInterface::RunInternal()
[2022.01.07-15.48.52:227][  0]LogAudioMixer: Display: FMixerPlatformXAudio2::SubmitBuffer() called for the first time
[2022.01.07-15.48.52:227][  0]LogInit: FAudioDevice initialized.
[2022.01.07-15.48.52:227][  0]LogAudio: Display: Audio Device (ID: 1) registered with world 'Untitled'.
[2022.01.07-15.48.52:227][  0]LogNetVersion: Set ProjectVersion to 1.0.0.0. Version Checksum will be recalculated on next use.
[2022.01.07-15.48.52:266][  0]LogDerivedDataCache: Saved boot cache 0.04s 95MB C:/Users/maxtr/AppData/Local/UnrealEngine/4.27/DerivedDataCache/Boot.ddc.
[2022.01.07-15.48.52:266][  0]LogInit: Texture streaming: Enabled
[2022.01.07-15.48.52:275][  0]LogAnalytics: Display: [UEEditor.Rocket.Release] APIServer = https://datarouter.ol.epicgames.com/. AppVersion = 4.27.2-18319896+++UE4+Release-4.27
[2022.01.07-15.48.52:278][  0]LogEngineSessionManager: EngineSessionManager initialized
[2022.01.07-15.48.52:278][  0]LogEditorSessionSummary: Verbose: Initializing EditorSessionSummaryWriter for editor session tracking
[2022.01.07-15.48.52:279][  0]LogEditorSessionSummary: EditorSessionSummaryWriter initialized
[2022.01.07-15.48.52:302][  0]LogInit: Transaction tracking system initialized
[2022.01.07-15.48.52:318][  0]BlueprintLog: New page: Editor Load
[2022.01.07-15.48.52:362][  0]LocalizationService: Localization service is disabled
[2022.01.07-15.48.52:378][  0]TimingProfiler: Initialize
[2022.01.07-15.48.52:378][  0]TimingProfiler: OnSessionChanged
[2022.01.07-15.48.52:378][  0]LoadingProfiler: Initialize
[2022.01.07-15.48.52:378][  0]LoadingProfiler: OnSessionChanged
[2022.01.07-15.48.52:378][  0]NetworkingProfiler: Initialize
[2022.01.07-15.48.52:378][  0]NetworkingProfiler: OnSessionChanged
[2022.01.07-15.48.52:378][  0]MemoryProfiler: Initialize
[2022.01.07-15.48.52:378][  0]MemoryProfiler: OnSessionChanged
[2022.01.07-15.48.52:479][  0]LogCook: Display: CookSettings for Memory: MemoryMaxUsedVirtual 0MiB, MemoryMaxUsedPhysical 16384MiB, MemoryMinFreeVirtual 0MiB, MemoryMinFreePhysical 1024MiB
[2022.01.07-15.48.52:479][  0]LogCook: Display: Mobile HDR setting 1
[2022.01.07-15.48.52:570][  0]LogFileCache: Scanning file cache for directory 'D:/VACCINEMAN/VaccineMan/VaccineAssets_01/Content/' took 0.03s
[2022.01.07-15.48.52:733][  0]LogInit: Display: Engine is initialized. Leaving FEngineLoop::Init()
[2022.01.07-15.48.52:735][  0]SourceControl: Source control is disabled
[2022.01.07-15.48.52:735][  0]LogUnrealEdMisc: Loading editor; pre map load, took 4.861
[2022.01.07-15.48.52:735][  0]Cmd: MAP LOAD FILE="../../../Engine/Content/Maps/Templates/Template_Default.umap" TEMPLATE=1 SHOWPROGRESS=1 FEATURELEVEL=3
[2022.01.07-15.48.52:735][  0]LightingResults: New page: Lighting Build
[2022.01.07-15.48.52:736][  0]LogWorld: UWorld::CleanupWorld for Untitled, bSessionEnded=true, bCleanupResources=true
[2022.01.07-15.48.52:736][  0]LogSlate: InvalidateAllWidgets triggered.  All widgets were invalidated
[2022.01.07-15.48.52:737][  0]MapCheck: New page: Map Check
[2022.01.07-15.48.52:737][  0]LightingResults: New page: Lighting Build
[2022.01.07-15.48.52:740][  0]LogAudio: Display: Audio Device unregistered from world 'None'.
[2022.01.07-15.48.52:742][  0]LogUObjectHash: Compacting FUObjectHashTables data took   0.64ms
[2022.01.07-15.48.52:780][  0]LogTexture: Display: Building textures: DeprecatedTextureEB9CBE3C423008B5E8E130901E171C89 (BGRA8, 128X128)
[2022.01.07-15.48.52:783][  0]LogAudio: Display: Audio Device (ID: 1) registered with world 'Untitled_1'.
[2022.01.07-15.48.52:784][  0]LogAIModule: Creating AISystem for world Untitled_1
[2022.01.07-15.48.52:787][  0]LogEditorServer: Finished looking for orphan Actors (0.000 secs)
[2022.01.07-15.48.52:792][  0]LogUObjectHash: Compacting FUObjectHashTables data took   0.68ms
[2022.01.07-15.48.52:792][  0]Cmd: MAP CHECKDEP NOCLEARLOG
[2022.01.07-15.48.52:792][  0]MapCheck: Map check complete: 0 Error(s), 0 Warning(s), took 0,079ms to complete.
[2022.01.07-15.48.52:792][  0]LogFileHelpers: Loading map 'Template_Default' took 0.057
[2022.01.07-15.48.52:794][  0]LogUnrealEdMisc: Total Editor Startup Time, took 4.920
[2022.01.07-15.48.52:882][  0]LogSlate: Updating window title bar state: overlay mode, drag disabled, window buttons hidden, title bar hidden
[2022.01.07-15.48.52:885][  0]LogSlate: Updating window title bar state: overlay mode, drag disabled, window buttons hidden, title bar hidden
[2022.01.07-15.48.52:889][  0]LogSlate: Updating window title bar state: overlay mode, drag disabled, window buttons hidden, title bar hidden
[2022.01.07-15.48.52:893][  0]LogSlate: Updating window title bar state: overlay mode, drag disabled, window buttons hidden, title bar hidden
[2022.01.07-15.48.52:894][  0]LogSlate: The tab "/Game/Locomotion/Blueprints/UI_Live_Configurator.UI_Live_Configurator_ActiveTab" attempted to spawn in layout 'LevelEditor_Layout_v1.2' but failed for some reason. It will not be displayed.
[2022.01.07-15.48.52:899][  0]LogPakFile: PakFile PrimaryIndexSize=187
[2022.01.07-15.48.52:899][  0]LogPakFile: PakFile PathHashIndexSize=101
[2022.01.07-15.48.52:899][  0]LogPakFile: PakFile FullDirectoryIndexSize=148
[2022.01.07-15.48.52:899][  0]LogShaderLibrary: Display: ShaderCodeLibraryPakFileMountedCallback: PakFile 'C:/Program Files/Epic Games/UE_4.27/FeaturePacks/FP_FirstPerson.upack' (chunk index -1, root 'root:/') mounted
[2022.01.07-15.48.52:899][  0]LogShaderLibrary: Display: ShaderCodeLibraryPakFileMountedCallback: pending pak file info (ChunkID:-1 Root:root:/ File:C:/Program Files/Epic Games/UE_4.27/FeaturePacks/FP_FirstPerson.upack)
[2022.01.07-15.48.52:899][  0]LogPakFile: OnPakFileMounted2Time == 0.000037
[2022.01.07-15.48.52:899][  0]LogPakFile: PakFile PrimaryIndexSize=189
[2022.01.07-15.48.52:899][  0]LogPakFile: PakFile PathHashIndexSize=101
[2022.01.07-15.48.52:899][  0]LogPakFile: PakFile FullDirectoryIndexSize=152
[2022.01.07-15.48.52:899][  0]LogShaderLibrary: Display: ShaderCodeLibraryPakFileMountedCallback: PakFile 'C:/Program Files/Epic Games/UE_4.27/FeaturePacks/FP_FirstPersonBP.upack' (chunk index -1, root 'root:/') mounted
[2022.01.07-15.48.52:899][  0]LogShaderLibrary: Display: ShaderCodeLibraryPakFileMountedCallback: pending pak file info (ChunkID:-1 Root:root:/ File:C:/Program Files/Epic Games/UE_4.27/FeaturePacks/FP_FirstPersonBP.upack)
[2022.01.07-15.48.52:899][  0]LogPakFile: OnPakFileMounted2Time == 0.000028
[2022.01.07-15.48.52:900][  0]LogPakFile: PakFile PrimaryIndexSize=191
[2022.01.07-15.48.52:900][  0]LogPakFile: PakFile PathHashIndexSize=101
[2022.01.07-15.48.52:900][  0]LogPakFile: PakFile FullDirectoryIndexSize=160
[2022.01.07-15.48.52:900][  0]LogShaderLibrary: Display: ShaderCodeLibraryPakFileMountedCallback: PakFile 'C:/Program Files/Epic Games/UE_4.27/FeaturePacks/MobileStarterContent.upack' (chunk index -1, root 'root:/') mounted
[2022.01.07-15.48.52:900][  0]LogShaderLibrary: Display: ShaderCodeLibraryPakFileMountedCallback: pending pak file info (ChunkID:-1 Root:root:/ File:C:/Program Files/Epic Games/UE_4.27/FeaturePacks/MobileStarterContent.upack)
[2022.01.07-15.48.52:900][  0]LogPakFile: OnPakFileMounted2Time == 0.000022
[2022.01.07-15.48.52:900][  0]LogPakFile: PakFile PrimaryIndexSize=185
[2022.01.07-15.48.52:900][  0]LogPakFile: PakFile PathHashIndexSize=101
[2022.01.07-15.48.52:900][  0]LogPakFile: PakFile FullDirectoryIndexSize=148
[2022.01.07-15.48.52:900][  0]LogShaderLibrary: Display: ShaderCodeLibraryPakFileMountedCallback: PakFile 'C:/Program Files/Epic Games/UE_4.27/FeaturePacks/StarterContent.upack' (chunk index -1, root 'root:/') mounted
[2022.01.07-15.48.52:900][  0]LogShaderLibrary: Display: ShaderCodeLibraryPakFileMountedCallback: pending pak file info (ChunkID:-1 Root:root:/ File:C:/Program Files/Epic Games/UE_4.27/FeaturePacks/StarterContent.upack)
[2022.01.07-15.48.52:900][  0]LogPakFile: OnPakFileMounted2Time == 0.000025
[2022.01.07-15.48.52:901][  0]LogPakFile: PakFile PrimaryIndexSize=190
[2022.01.07-15.48.52:901][  0]LogPakFile: PakFile PathHashIndexSize=101
[2022.01.07-15.48.52:901][  0]LogPakFile: PakFile FullDirectoryIndexSize=154
[2022.01.07-15.48.52:901][  0]LogShaderLibrary: Display: ShaderCodeLibraryPakFileMountedCallback: PakFile 'C:/Program Files/Epic Games/UE_4.27/FeaturePacks/TP_2DSideScroller.upack' (chunk index -1, root 'root:/') mounted
[2022.01.07-15.48.52:901][  0]LogShaderLibrary: Display: ShaderCodeLibraryPakFileMountedCallback: pending pak file info (ChunkID:-1 Root:root:/ File:C:/Program Files/Epic Games/UE_4.27/FeaturePacks/TP_2DSideScroller.upack)
[2022.01.07-15.48.52:901][  0]LogPakFile: OnPakFileMounted2Time == 0.000024
[2022.01.07-15.48.52:901][  0]LogPakFile: PakFile PrimaryIndexSize=192
[2022.01.07-15.48.52:901][  0]LogPakFile: PakFile PathHashIndexSize=101
[2022.01.07-15.48.52:901][  0]LogPakFile: PakFile FullDirectoryIndexSize=158
[2022.01.07-15.48.52:901][  0]LogShaderLibrary: Display: ShaderCodeLibraryPakFileMountedCallback: PakFile 'C:/Program Files/Epic Games/UE_4.27/FeaturePacks/TP_2DSideScrollerBP.upack' (chunk index -1, root 'root:/') mounted
[2022.01.07-15.48.52:901][  0]LogShaderLibrary: Display: ShaderCodeLibraryPakFileMountedCallback: pending pak file info (ChunkID:-1 Root:root:/ File:C:/Program Files/Epic Games/UE_4.27/FeaturePacks/TP_2DSideScrollerBP.upack)
[2022.01.07-15.48.52:901][  0]LogPakFile: OnPakFileMounted2Time == 0.000022
[2022.01.07-15.48.52:901][  0]LogPakFile: PakFile PrimaryIndexSize=182
[2022.01.07-15.48.52:901][  0]LogPakFile: PakFile PathHashIndexSize=101
[2022.01.07-15.48.52:901][  0]LogPakFile: PakFile FullDirectoryIndexSize=138
[2022.01.07-15.48.52:901][  0]LogShaderLibrary: Display: ShaderCodeLibraryPakFileMountedCallback: PakFile 'C:/Program Files/Epic Games/UE_4.27/FeaturePacks/TP_Flying.upack' (chunk index -1, root 'root:/') mounted
[2022.01.07-15.48.52:902][  0]LogShaderLibrary: Display: ShaderCodeLibraryPakFileMountedCallback: pending pak file info (ChunkID:-1 Root:root:/ File:C:/Program Files/Epic Games/UE_4.27/FeaturePacks/TP_Flying.upack)
[2022.01.07-15.48.52:902][  0]LogPakFile: OnPakFileMounted2Time == 0.000025
[2022.01.07-15.48.52:902][  0]LogPakFile: PakFile PrimaryIndexSize=184
[2022.01.07-15.48.52:902][  0]LogPakFile: PakFile PathHashIndexSize=101
[2022.01.07-15.48.52:902][  0]LogPakFile: PakFile FullDirectoryIndexSize=142
[2022.01.07-15.48.52:902][  0]LogShaderLibrary: Display: ShaderCodeLibraryPakFileMountedCallback: PakFile 'C:/Program Files/Epic Games/UE_4.27/FeaturePacks/TP_FlyingBP.upack' (chunk index -1, root 'root:/') mounted
[2022.01.07-15.48.52:902][  0]LogShaderLibrary: Display: ShaderCodeLibraryPakFileMountedCallback: pending pak file info (ChunkID:-1 Root:root:/ File:C:/Program Files/Epic Games/UE_4.27/FeaturePacks/TP_FlyingBP.upack)
[2022.01.07-15.48.52:902][  0]LogPakFile: OnPakFileMounted2Time == 0.000020
[2022.01.07-15.48.52:902][  0]LogPakFile: PakFile PrimaryIndexSize=188
[2022.01.07-15.48.52:902][  0]LogPakFile: PakFile PathHashIndexSize=101
[2022.01.07-15.48.52:902][  0]LogPakFile: PakFile FullDirectoryIndexSize=150
[2022.01.07-15.48.52:902][  0]LogShaderLibrary: Display: ShaderCodeLibraryPakFileMountedCallback: PakFile 'C:/Program Files/Epic Games/UE_4.27/FeaturePacks/TP_HandheldARBP.upack' (chunk index -1, root 'root:/') mounted
[2022.01.07-15.48.52:902][  0]LogShaderLibrary: Display: ShaderCodeLibraryPakFileMountedCallback: pending pak file info (ChunkID:-1 Root:root:/ File:C:/Program Files/Epic Games/UE_4.27/FeaturePacks/TP_HandheldARBP.upack)
[2022.01.07-15.48.52:902][  0]LogPakFile: OnPakFileMounted2Time == 0.000020
[2022.01.07-15.48.52:903][  0]LogPakFile: PakFile PrimaryIndexSize=182
[2022.01.07-15.48.52:903][  0]LogPakFile: PakFile PathHashIndexSize=101
[2022.01.07-15.48.52:903][  0]LogPakFile: PakFile FullDirectoryIndexSize=138
[2022.01.07-15.48.52:903][  0]LogShaderLibrary: Display: ShaderCodeLibraryPakFileMountedCallback: PakFile 'C:/Program Files/Epic Games/UE_4.27/FeaturePacks/TP_Puzzle.upack' (chunk index -1, root 'root:/') mounted
[2022.01.07-15.48.52:903][  0]LogShaderLibrary: Display: ShaderCodeLibraryPakFileMountedCallback: pending pak file info (ChunkID:-1 Root:root:/ File:C:/Program Files/Epic Games/UE_4.27/FeaturePacks/TP_Puzzle.upack)
[2022.01.07-15.48.52:903][  0]LogPakFile: OnPakFileMounted2Time == 0.000022
[2022.01.07-15.48.52:903][  0]LogPakFile: PakFile PrimaryIndexSize=184
[2022.01.07-15.48.52:903][  0]LogPakFile: PakFile PathHashIndexSize=101
[2022.01.07-15.48.52:903][  0]LogPakFile: PakFile FullDirectoryIndexSize=142
[2022.01.07-15.48.52:903][  0]LogShaderLibrary: Display: ShaderCodeLibraryPakFileMountedCallback: PakFile 'C:/Program Files/Epic Games/UE_4.27/FeaturePacks/TP_PuzzleBP.upack' (chunk index -1, root 'root:/') mounted
[2022.01.07-15.48.52:903][  0]LogShaderLibrary: Display: ShaderCodeLibraryPakFileMountedCallback: pending pak file info (ChunkID:-1 Root:root:/ File:C:/Program Files/Epic Games/UE_4.27/FeaturePacks/TP_PuzzleBP.upack)
[2022.01.07-15.48.52:903][  0]LogPakFile: OnPakFileMounted2Time == 0.000021
[2022.01.07-15.48.52:903][  0]LogPakFile: PakFile PrimaryIndexSize=183
[2022.01.07-15.48.52:903][  0]LogPakFile: PakFile PathHashIndexSize=101
[2022.01.07-15.48.52:903][  0]LogPakFile: PakFile FullDirectoryIndexSize=140
[2022.01.07-15.48.52:903][  0]LogShaderLibrary: Display: ShaderCodeLibraryPakFileMountedCallback: PakFile 'C:/Program Files/Epic Games/UE_4.27/FeaturePacks/TP_Rolling.upack' (chunk index -1, root 'root:/') mounted
[2022.01.07-15.48.52:904][  0]LogShaderLibrary: Display: ShaderCodeLibraryPakFileMountedCallback: pending pak file info (ChunkID:-1 Root:root:/ File:C:/Program Files/Epic Games/UE_4.27/FeaturePacks/TP_Rolling.upack)
[2022.01.07-15.48.52:904][  0]LogPakFile: OnPakFileMounted2Time == 0.000023
[2022.01.07-15.48.52:904][  0]LogPakFile: PakFile PrimaryIndexSize=185
[2022.01.07-15.48.52:904][  0]LogPakFile: PakFile PathHashIndexSize=101
[2022.01.07-15.48.52:904][  0]LogPakFile: PakFile FullDirectoryIndexSize=144
[2022.01.07-15.48.52:904][  0]LogShaderLibrary: Display: ShaderCodeLibraryPakFileMountedCallback: PakFile 'C:/Program Files/Epic Games/UE_4.27/FeaturePacks/TP_RollingBP.upack' (chunk index -1, root 'root:/') mounted
[2022.01.07-15.48.52:904][  0]LogShaderLibrary: Display: ShaderCodeLibraryPakFileMountedCallback: pending pak file info (ChunkID:-1 Root:root:/ File:C:/Program Files/Epic Games/UE_4.27/FeaturePacks/TP_RollingBP.upack)
[2022.01.07-15.48.52:904][  0]LogPakFile: OnPakFileMounted2Time == 0.000021
[2022.01.07-15.48.52:904][  0]LogPakFile: PakFile PrimaryIndexSize=188
[2022.01.07-15.48.52:904][  0]LogPakFile: PakFile PathHashIndexSize=101
[2022.01.07-15.48.52:904][  0]LogPakFile: PakFile FullDirectoryIndexSize=150
[2022.01.07-15.48.52:904][  0]LogShaderLibrary: Display: ShaderCodeLibraryPakFileMountedCallback: PakFile 'C:/Program Files/Epic Games/UE_4.27/FeaturePacks/TP_SideScroller.upack' (chunk index -1, root 'root:/') mounted
[2022.01.07-15.48.52:904][  0]LogShaderLibrary: Display: ShaderCodeLibraryPakFileMountedCallback: pending pak file info (ChunkID:-1 Root:root:/ File:C:/Program Files/Epic Games/UE_4.27/FeaturePacks/TP_SideScroller.upack)
[2022.01.07-15.48.52:904][  0]LogPakFile: OnPakFileMounted2Time == 0.000021
[2022.01.07-15.48.52:905][  0]LogPakFile: PakFile PrimaryIndexSize=190
[2022.01.07-15.48.52:905][  0]LogPakFile: PakFile PathHashIndexSize=101
[2022.01.07-15.48.52:905][  0]LogPakFile: PakFile FullDirectoryIndexSize=154
[2022.01.07-15.48.52:905][  0]LogShaderLibrary: Display: ShaderCodeLibraryPakFileMountedCallback: PakFile 'C:/Program Files/Epic Games/UE_4.27/FeaturePacks/TP_SideScrollerBP.upack' (chunk index -1, root 'root:/') mounted
[2022.01.07-15.48.52:905][  0]LogShaderLibrary: Display: ShaderCodeLibraryPakFileMountedCallback: pending pak file info (ChunkID:-1 Root:root:/ File:C:/Program Files/Epic Games/UE_4.27/FeaturePacks/TP_SideScrollerBP.upack)
[2022.01.07-15.48.52:905][  0]LogPakFile: OnPakFileMounted2Time == 0.000021
[2022.01.07-15.48.52:905][  0]LogPakFile: PakFile PrimaryIndexSize=187
[2022.01.07-15.48.52:905][  0]LogPakFile: PakFile PathHashIndexSize=101
[2022.01.07-15.48.52:905][  0]LogPakFile: PakFile FullDirectoryIndexSize=148
[2022.01.07-15.48.52:905][  0]LogShaderLibrary: Display: ShaderCodeLibraryPakFileMountedCallback: PakFile 'C:/Program Files/Epic Games/UE_4.27/FeaturePacks/TP_ThirdPerson.upack' (chunk index -1, root 'root:/') mounted
[2022.01.07-15.48.52:905][  0]LogShaderLibrary: Display: ShaderCodeLibraryPakFileMountedCallback: pending pak file info (ChunkID:-1 Root:root:/ File:C:/Program Files/Epic Games/UE_4.27/FeaturePacks/TP_ThirdPerson.upack)
[2022.01.07-15.48.52:905][  0]LogPakFile: OnPakFileMounted2Time == 0.000020
[2022.01.07-15.48.52:905][  0]LogPakFile: PakFile PrimaryIndexSize=189
[2022.01.07-15.48.52:905][  0]LogPakFile: PakFile PathHashIndexSize=101
[2022.01.07-15.48.52:905][  0]LogPakFile: PakFile FullDirectoryIndexSize=152
[2022.01.07-15.48.52:905][  0]LogShaderLibrary: Display: ShaderCodeLibraryPakFileMountedCallback: PakFile 'C:/Program Files/Epic Games/UE_4.27/FeaturePacks/TP_ThirdPersonBP.upack' (chunk index -1, root 'root:/') mounted
[2022.01.07-15.48.52:905][  0]LogShaderLibrary: Display: ShaderCodeLibraryPakFileMountedCallback: pending pak file info (ChunkID:-1 Root:root:/ File:C:/Program Files/Epic Games/UE_4.27/FeaturePacks/TP_ThirdPersonBP.upack)
[2022.01.07-15.48.52:905][  0]LogPakFile: OnPakFileMounted2Time == 0.000020
[2022.01.07-15.48.52:906][  0]LogPakFile: PakFile PrimaryIndexSize=183
[2022.01.07-15.48.52:906][  0]LogPakFile: PakFile PathHashIndexSize=101
[2022.01.07-15.48.52:906][  0]LogPakFile: PakFile FullDirectoryIndexSize=140
[2022.01.07-15.48.52:906][  0]LogShaderLibrary: Display: ShaderCodeLibraryPakFileMountedCallback: PakFile 'C:/Program Files/Epic Games/UE_4.27/FeaturePacks/TP_TopDown.upack' (chunk index -1, root 'root:/') mounted
[2022.01.07-15.48.52:906][  0]LogShaderLibrary: Display: ShaderCodeLibraryPakFileMountedCallback: pending pak file info (ChunkID:-1 Root:root:/ File:C:/Program Files/Epic Games/UE_4.27/FeaturePacks/TP_TopDown.upack)
[2022.01.07-15.48.52:906][  0]LogPakFile: OnPakFileMounted2Time == 0.000028
[2022.01.07-15.48.52:906][  0]LogPakFile: PakFile PrimaryIndexSize=185
[2022.01.07-15.48.52:906][  0]LogPakFile: PakFile PathHashIndexSize=101
[2022.01.07-15.48.52:906][  0]LogPakFile: PakFile FullDirectoryIndexSize=144
[2022.01.07-15.48.52:906][  0]LogShaderLibrary: Display: ShaderCodeLibraryPakFileMountedCallback: PakFile 'C:/Program Files/Epic Games/UE_4.27/FeaturePacks/TP_TopDownBP.upack' (chunk index -1, root 'root:/') mounted
[2022.01.07-15.48.52:906][  0]LogShaderLibrary: Display: ShaderCodeLibraryPakFileMountedCallback: pending pak file info (ChunkID:-1 Root:root:/ File:C:/Program Files/Epic Games/UE_4.27/FeaturePacks/TP_TopDownBP.upack)
[2022.01.07-15.48.52:906][  0]LogPakFile: OnPakFileMounted2Time == 0.000021
[2022.01.07-15.48.52:907][  0]LogPakFile: PakFile PrimaryIndexSize=185
[2022.01.07-15.48.52:907][  0]LogPakFile: PakFile PathHashIndexSize=101
[2022.01.07-15.48.52:907][  0]LogPakFile: PakFile FullDirectoryIndexSize=144
[2022.01.07-15.48.52:907][  0]LogShaderLibrary: Display: ShaderCodeLibraryPakFileMountedCallback: PakFile 'C:/Program Files/Epic Games/UE_4.27/FeaturePacks/TP_TwinStick.upack' (chunk index -1, root 'root:/') mounted
[2022.01.07-15.48.52:907][  0]LogShaderLibrary: Display: ShaderCodeLibraryPakFileMountedCallback: pending pak file info (ChunkID:-1 Root:root:/ File:C:/Program Files/Epic Games/UE_4.27/FeaturePacks/TP_TwinStick.upack)
[2022.01.07-15.48.52:907][  0]LogPakFile: OnPakFileMounted2Time == 0.000023
[2022.01.07-15.48.52:907][  0]LogPakFile: PakFile PrimaryIndexSize=187
[2022.01.07-15.48.52:907][  0]LogPakFile: PakFile PathHashIndexSize=101
[2022.01.07-15.48.52:907][  0]LogPakFile: PakFile FullDirectoryIndexSize=148
[2022.01.07-15.48.52:907][  0]LogShaderLibrary: Display: ShaderCodeLibraryPakFileMountedCallback: PakFile 'C:/Program Files/Epic Games/UE_4.27/FeaturePacks/TP_TwinStickBP.upack' (chunk index -1, root 'root:/') mounted
[2022.01.07-15.48.52:907][  0]LogShaderLibrary: Display: ShaderCodeLibraryPakFileMountedCallback: pending pak file info (ChunkID:-1 Root:root:/ File:C:/Program Files/Epic Games/UE_4.27/FeaturePacks/TP_TwinStickBP.upack)
[2022.01.07-15.48.52:907][  0]LogPakFile: OnPakFileMounted2Time == 0.000022
[2022.01.07-15.48.52:907][  0]LogPakFile: PakFile PrimaryIndexSize=183
[2022.01.07-15.48.52:907][  0]LogPakFile: PakFile PathHashIndexSize=101
[2022.01.07-15.48.52:907][  0]LogPakFile: PakFile FullDirectoryIndexSize=140
[2022.01.07-15.48.52:907][  0]LogShaderLibrary: Display: ShaderCodeLibraryPakFileMountedCallback: PakFile 'C:/Program Files/Epic Games/UE_4.27/FeaturePacks/TP_Vehicle.upack' (chunk index -1, root 'root:/') mounted
[2022.01.07-15.48.52:907][  0]LogShaderLibrary: Display: ShaderCodeLibraryPakFileMountedCallback: pending pak file info (ChunkID:-1 Root:root:/ File:C:/Program Files/Epic Games/UE_4.27/FeaturePacks/TP_Vehicle.upack)
[2022.01.07-15.48.52:907][  0]LogPakFile: OnPakFileMounted2Time == 0.000022
[2022.01.07-15.48.52:908][  0]LogPakFile: PakFile PrimaryIndexSize=186
[2022.01.07-15.48.52:908][  0]LogPakFile: PakFile PathHashIndexSize=101
[2022.01.07-15.48.52:908][  0]LogPakFile: PakFile FullDirectoryIndexSize=146
[2022.01.07-15.48.52:908][  0]LogShaderLibrary: Display: ShaderCodeLibraryPakFileMountedCallback: PakFile 'C:/Program Files/Epic Games/UE_4.27/FeaturePacks/TP_VehicleAdv.upack' (chunk index -1, root 'root:/') mounted
[2022.01.07-15.48.52:908][  0]LogShaderLibrary: Display: ShaderCodeLibraryPakFileMountedCallback: pending pak file info (ChunkID:-1 Root:root:/ File:C:/Program Files/Epic Games/UE_4.27/FeaturePacks/TP_VehicleAdv.upack)
[2022.01.07-15.48.52:908][  0]LogPakFile: OnPakFileMounted2Time == 0.000022
[2022.01.07-15.48.52:908][  0]LogPakFile: PakFile PrimaryIndexSize=188
[2022.01.07-15.48.52:908][  0]LogPakFile: PakFile PathHashIndexSize=101
[2022.01.07-15.48.52:908][  0]LogPakFile: PakFile FullDirectoryIndexSize=150
[2022.01.07-15.48.52:908][  0]LogShaderLibrary: Display: ShaderCodeLibraryPakFileMountedCallback: PakFile 'C:/Program Files/Epic Games/UE_4.27/FeaturePacks/TP_VehicleAdvBP.upack' (chunk index -1, root 'root:/') mounted
[2022.01.07-15.48.52:908][  0]LogShaderLibrary: Display: ShaderCodeLibraryPakFileMountedCallback: pending pak file info (ChunkID:-1 Root:root:/ File:C:/Program Files/Epic Games/UE_4.27/FeaturePacks/TP_VehicleAdvBP.upack)
[2022.01.07-15.48.52:908][  0]LogPakFile: OnPakFileMounted2Time == 0.000024
[2022.01.07-15.48.52:909][  0]LogPakFile: PakFile PrimaryIndexSize=185
[2022.01.07-15.48.52:909][  0]LogPakFile: PakFile PathHashIndexSize=101
[2022.01.07-15.48.52:909][  0]LogPakFile: PakFile FullDirectoryIndexSize=144
[2022.01.07-15.48.52:909][  0]LogShaderLibrary: Display: ShaderCodeLibraryPakFileMountedCallback: PakFile 'C:/Program Files/Epic Games/UE_4.27/FeaturePacks/TP_VehicleBP.upack' (chunk index -1, root 'root:/') mounted
[2022.01.07-15.48.52:909][  0]LogShaderLibrary: Display: ShaderCodeLibraryPakFileMountedCallback: pending pak file info (ChunkID:-1 Root:root:/ File:C:/Program Files/Epic Games/UE_4.27/FeaturePacks/TP_VehicleBP.upack)
[2022.01.07-15.48.52:909][  0]LogPakFile: OnPakFileMounted2Time == 0.000021
[2022.01.07-15.48.52:909][  0]LogPakFile: PakFile PrimaryIndexSize=192
[2022.01.07-15.48.52:909][  0]LogPakFile: PakFile PathHashIndexSize=101
[2022.01.07-15.48.52:909][  0]LogPakFile: PakFile FullDirectoryIndexSize=158
[2022.01.07-15.48.52:909][  0]LogShaderLibrary: Display: ShaderCodeLibraryPakFileMountedCallback: PakFile 'C:/Program Files/Epic Games/UE_4.27/FeaturePacks/TP_VirtualRealityBP.upack' (chunk index -1, root 'root:/') mounted
[2022.01.07-15.48.52:909][  0]LogShaderLibrary: Display: ShaderCodeLibraryPakFileMountedCallback: pending pak file info (ChunkID:-1 Root:root:/ File:C:/Program Files/Epic Games/UE_4.27/FeaturePacks/TP_VirtualRealityBP.upack)
[2022.01.07-15.48.52:909][  0]LogPakFile: OnPakFileMounted2Time == 0.000020
[2022.01.07-15.48.53:237][  0]LogSlate: Only BGRA pngs, bmps or icos are supported in by External Image Picker
[2022.01.07-15.48.53:393][  0]LogSlate: Took 0.000121 seconds to synchronously load lazily loaded font '../../../Engine/Content/Slate/Fonts/Roboto-Regular.ttf' (155K)
[2022.01.07-15.48.53:394][  0]LogSlate: Took 0.000128 seconds to synchronously load lazily loaded font '../../../Engine/Content/Editor/Slate/Fonts/FontAwesome.ttf' (139K)
[2022.01.07-15.48.53:395][  0]LogSlate: Took 0.000091 seconds to synchronously load lazily loaded font '../../../Engine/Content/Slate/Fonts/Roboto-Bold.ttf' (160K)
[2022.01.07-15.48.53:449][  0]LogRenderer: Reallocating scene render targets to support 1612x944 Format 10 NumSamples 1 (Frame:1).
[2022.01.07-15.48.53:546][  0]LogInput: Warning: Action Jump uses invalid key OculusGo_Left_Trigger_Click.
[2022.01.07-15.48.53:546][  0]LogInput: Warning: Use -RemoveInvalidKeys to remove instances of these keys from the action mapping.
[2022.01.07-15.48.53:546][  0]LogLoad: (Engine Initialization) Total time: 5.67 seconds
[2022.01.07-15.48.53:546][  0]LogLoad: (Engine Initialization) Total Blueprint compile time: 0.00 seconds
[2022.01.07-15.48.53:631][  0]LogContentStreaming: Texture pool size now 1000 MB
[2022.01.07-15.48.53:681][  1]LogRenderer: Reallocating scene render targets to support 1612x960 Format 10 NumSamples 1 (Frame:5).
[2022.01.07-15.48.53:752][  2]LogNativeClassHierarchy: Verbose: Native class hierarchy populated in 0.0074 seconds. Added 3843 classes and 939 folders.
[2022.01.07-15.48.53:780][  2]LogAssetRegistry: Asset discovery search completed in 3.5515 seconds
[2022.01.07-15.48.53:784][  2]LogCollectionManager: Fixed up redirectors for 0 collections in 0.000003 seconds (updated 0 objects)
[2022.01.07-15.48.54:601][ 39]LogSlate: Took 0.000194 seconds to synchronously load lazily loaded font '../../../Engine/Content/Slate/Fonts/Roboto-Light.ttf' (167K)
[2022.01.07-15.51.00:371][980]LogUObjectHash: Compacting FUObjectHashTables data took   0.65ms
[2022.01.07-15.51.04:451][980]LogTexture: Default maximum texture size for cubemaps generated from long-lat sources has been changed from 512 to unlimited. In order to preserve old behaiour for '/Engine/MapTemplates/daylight.daylight', its maximum texture size has been explicitly set to 512.
[2022.01.07-15.51.05:410][980]LogAssetEditorSubsystem: Opening Asset editor for World /Game/GAME_FOLDER/MAPS/MainBase_level.MainBase_level
[2022.01.07-15.51.05:410][980]Cmd: MAP LOAD FILE="D:/VACCINEMAN/VaccineMan/VaccineAssets_01/Content/GAME_FOLDER/MAPS/MainBase_level.umap" TEMPLATE=0 SHOWPROGRESS=1 FEATURELEVEL=3
[2022.01.07-15.51.05:410][980]LightingResults: New page: Lighting Build
[2022.01.07-15.51.05:410][980]LoadErrors: New page: Loading map: MainBase_level.umap
[2022.01.07-15.51.05:410][980]LogWorld: UWorld::CleanupWorld for Untitled_1, bSessionEnded=true, bCleanupResources=true
[2022.01.07-15.51.05:411][980]LogSlate: InvalidateAllWidgets triggered.  All widgets were invalidated
[2022.01.07-15.51.05:411][980]MapCheck: New page: Map Check
[2022.01.07-15.51.05:411][980]LightingResults: New page: Lighting Build
[2022.01.07-15.51.05:419][980]LogAudio: Display: Audio Device unregistered from world 'None'.
[2022.01.07-15.51.05:482][980]LogUObjectHash: Compacting FUObjectHashTables data took   3.67ms
[2022.01.07-15.51.05:483][980]LogAudio: Display: Audio Device (ID: 1) registered with world 'MainBase_level'.
[2022.01.07-15.51.05:509][980]LogEditorServer: Finished looking for orphan Actors (0.000 secs)
[2022.01.07-15.51.05:509][980]LogAIModule: Creating AISystem for world MainBase_level
[2022.01.07-15.51.05:520][980]LogUObjectHash: Compacting FUObjectHashTables data took   1.48ms
[2022.01.07-15.51.05:528][980]Cmd: MAP CHECKDEP NOCLEARLOG
[2022.01.07-15.51.05:528][980]MapCheck: Map check complete: 0 Error(s), 0 Warning(s), took 0,058ms to complete.
[2022.01.07-15.51.05:528][980]LogFileHelpers: Loading map 'MainBase_level' took 0.119
[2022.01.07-15.51.05:660][983]LogStaticMesh: Allocated 495x171x64 distance field atlas = 10.3Mb, with 67 objects containing 5.9Mb backing data
[2022.01.07-15.55.44:538][959]LogRenderer: Reallocating scene render targets to support 2192x1232 Format 10 NumSamples 1 (Frame:187).
[2022.01.07-15.55.44:641][960]LogRenderer: Reallocating scene render targets to support 2560x1400 Format 10 NumSamples 1 (Frame:190).
[2022.01.07-15.56.58:064][193]LogSlate: Updating window title bar state: overlay mode, drag disabled, window buttons hidden, title bar hidden
[2022.01.07-15.56.58:068][193]LogSlate: Updating window title bar state: overlay mode, drag disabled, window buttons hidden, title bar hidden
[2022.01.07-15.56.58:071][193]LogSlate: Updating window title bar state: overlay mode, drag disabled, window buttons hidden, title bar hidden
[2022.01.07-15.56.58:075][193]LogSlate: Updating window title bar state: overlay mode, drag disabled, window buttons hidden, title bar hidden
[2022.01.07-16.01.16:201][715]LogSlate: Took 0.000128 seconds to synchronously load lazily loaded font '../../../Engine/Content/Slate/Fonts/Roboto-Italic.ttf' (157K)
[2022.01.07-16.16.29:144][239]LogEditorViewport: Clicking on Actor (LMB): NiagaraActor (Toxic_Bubble_Custom)
[2022.01.07-16.16.29:848][271]Cmd: DELETE
[2022.01.07-16.16.29:849][271]Cmd: ACTOR DELETE
[2022.01.07-16.16.29:851][271]LogEditorActor: Deleted Actor: NiagaraActor
[2022.01.07-16.16.29:860][271]LogUObjectHash: Compacting FUObjectHashTables data took   1.71ms
[2022.01.07-16.16.29:866][271]LogEditorActor: Deleted 1 Actors (0.017 secs)
[2022.01.07-16.16.30:999][325]LogEditorViewport: Clicking on Actor (LMB): Toxic_Test_C (Toxic_Test)
[2022.01.07-16.16.56:261][409]LogUObjectHash: Compacting FUObjectHashTables data took   0.57ms
[2022.01.07-16.16.56:296][409]LogSavePackage: Moving 'D:/VACCINEMAN/VaccineMan/VaccineAssets_01/Saved/MainBase_level_Auto1F4A107654C14AD731B73BA945EA36720.tmp' to 'D:/VACCINEMAN/VaccineMan/VaccineAssets_01/Saved/Autosaves/Game/GAME_FOLDER/MAPS/MainBase_level_Auto1.umap'
[2022.01.07-16.16.56:297][409]LogFileHelpers: Editor autosave (incl. external actors) for '/Game/GAME_FOLDER/MAPS/MainBase_level' took 0.043
[2022.01.07-16.16.56:297][409]LogFileHelpers: Editor autosave (incl. sublevels & external actors) for all levels took 0.043
[2022.01.07-16.18.08:361][773]Cmd: DELETE
[2022.01.07-16.18.08:361][773]Cmd: ACTOR DELETE
[2022.01.07-16.18.08:363][773]LogEditorActor: Deleted Actor: Toxic_Test_C
[2022.01.07-16.18.08:377][773]LogUObjectHash: Compacting FUObjectHashTables data took   1.53ms
[2022.01.07-16.18.08:380][773]LogEditorActor: Deleted 1 Actors (0.019 secs)
[2022.01.07-16.18.23:951][480]LogSlate: Window 'Content Browser 4' being destroyed
[2022.01.07-16.18.23:975][480]LogSlate: Window 'Content Browser 4' being destroyed
[2022.01.07-16.26.56:608][ 49]LogUObjectHash: Compacting FUObjectHashTables data took   0.98ms
[2022.01.07-16.26.56:644][ 49]LogSavePackage: Moving 'D:/VACCINEMAN/VaccineMan/VaccineAssets_01/Saved/MainBase_level_Auto284452E7C4DA2CA79A6197DB32DC1C9A5.tmp' to 'D:/VACCINEMAN/VaccineMan/VaccineAssets_01/Saved/Autosaves/Game/GAME_FOLDER/MAPS/MainBase_level_Auto2.umap'
[2022.01.07-16.26.56:644][ 49]LogFileHelpers: Editor autosave (incl. external actors) for '/Game/GAME_FOLDER/MAPS/MainBase_level' took 0.045
[2022.01.07-16.26.56:644][ 49]LogFileHelpers: Editor autosave (incl. sublevels & external actors) for all levels took 0.045
